<?xml version="1.0" encoding="UTF-8"?>
<coverage generated="1647396897209" clover="3.2.0">
  <project timestamp="1647396897209" name="All files">
    <metrics statements="346" coveredstatements="298" conditionals="50" coveredconditionals="39" methods="74" coveredmethods="63" elements="470" coveredelements="400" complexity="0" loc="346" ncloc="346" packages="14" files="30" classes="30"/>
    <package name="config">
      <metrics statements="8" coveredstatements="6" conditionals="0" coveredconditionals="0" methods="3" coveredmethods="2"/>
      <file name="configDatabase.ts" path="/Users/artoriascreative/Artorias/MSCS/5500_fse/tuiter/api/config/configDatabase.ts">
        <metrics statements="8" coveredstatements="6" conditionals="0" coveredconditionals="0" methods="3" coveredmethods="2"/>
        <line num="1" count="2" type="stmt"/>
        <line num="2" count="2" type="stmt"/>
        <line num="4" count="2" type="stmt"/>
        <line num="5" count="2" type="stmt"/>
        <line num="8" count="2" type="stmt"/>
        <line num="11" count="0" type="stmt"/>
        <line num="12" count="0" type="stmt"/>
        <line num="16" count="2" type="stmt"/>
      </file>
    </package>
    <package name="controllers.shared">
      <metrics statements="19" coveredstatements="14" conditionals="2" coveredconditionals="2" methods="6" coveredmethods="3"/>
      <file name="HttpStatusCode.ts" path="/Users/artoriascreative/Artorias/MSCS/5500_fse/tuiter/api/controllers/shared/HttpStatusCode.ts">
        <metrics statements="7" coveredstatements="7" conditionals="2" coveredconditionals="2" methods="1" coveredmethods="1"/>
        <line num="6" count="4" type="cond" truecount="2" falsecount="0"/>
        <line num="7" count="4" type="stmt"/>
        <line num="8" count="4" type="stmt"/>
        <line num="9" count="4" type="stmt"/>
        <line num="10" count="4" type="stmt"/>
        <line num="11" count="4" type="stmt"/>
        <line num="12" count="4" type="stmt"/>
      </file>
      <file name="adaptRequest.ts" path="/Users/artoriascreative/Artorias/MSCS/5500_fse/tuiter/api/controllers/shared/adaptRequest.ts">
        <metrics statements="9" coveredstatements="4" conditionals="0" coveredconditionals="0" methods="3" coveredmethods="1"/>
        <line num="4" count="1" type="stmt"/>
        <line num="6" count="1" type="stmt"/>
        <line num="7" count="5" type="stmt"/>
        <line num="8" count="0" type="stmt"/>
        <line num="13" count="0" type="stmt"/>
        <line num="14" count="0" type="stmt"/>
        <line num="15" count="0" type="stmt"/>
        <line num="17" count="0" type="stmt"/>
        <line num="21" count="1" type="stmt"/>
      </file>
      <file name="createResponse.ts" path="/Users/artoriascreative/Artorias/MSCS/5500_fse/tuiter/api/controllers/shared/createResponse.ts">
        <metrics statements="3" coveredstatements="3" conditionals="0" coveredconditionals="0" methods="2" coveredmethods="1"/>
        <line num="2" count="1" type="stmt"/>
        <line num="4" count="5" type="stmt"/>
        <line num="9" count="1" type="stmt"/>
      </file>
    </package>
    <package name="controllers.users">
      <metrics statements="32" coveredstatements="32" conditionals="0" coveredconditionals="0" methods="11" coveredmethods="11"/>
      <file name="UserController.ts" path="/Users/artoriascreative/Artorias/MSCS/5500_fse/tuiter/api/controllers/users/UserController.ts">
        <metrics statements="32" coveredstatements="32" conditionals="0" coveredconditionals="0" methods="11" coveredmethods="11"/>
        <line num="6" count="1" type="stmt"/>
        <line num="7" count="1" type="stmt"/>
        <line num="8" count="1" type="stmt"/>
        <line num="9" count="1" type="stmt"/>
        <line num="14" count="1" type="stmt"/>
        <line num="23" count="1" type="stmt"/>
        <line num="24" count="1" type="stmt"/>
        <line num="25" count="1" type="stmt"/>
        <line num="26" count="1" type="stmt"/>
        <line num="27" count="1" type="stmt"/>
        <line num="28" count="1" type="stmt"/>
        <line num="29" count="1" type="stmt"/>
        <line num="30" count="1" type="stmt"/>
        <line num="31" count="1" type="stmt"/>
        <line num="39" count="1" type="stmt"/>
        <line num="40" count="1" type="stmt"/>
        <line num="41" count="1" type="stmt"/>
        <line num="49" count="1" type="stmt"/>
        <line num="50" count="1" type="stmt"/>
        <line num="51" count="1" type="stmt"/>
        <line num="59" count="1" type="stmt"/>
        <line num="60" count="1" type="stmt"/>
        <line num="61" count="1" type="stmt"/>
        <line num="62" count="1" type="stmt"/>
        <line num="70" count="1" type="stmt"/>
        <line num="71" count="1" type="stmt"/>
        <line num="72" count="1" type="stmt"/>
        <line num="73" count="1" type="stmt"/>
        <line num="74" count="1" type="stmt"/>
        <line num="82" count="1" type="stmt"/>
        <line num="83" count="1" type="stmt"/>
        <line num="84" count="1" type="stmt"/>
      </file>
    </package>
    <package name="daos.tuits">
      <metrics statements="49" coveredstatements="42" conditionals="8" coveredconditionals="6" methods="14" coveredmethods="14"/>
      <file name="TuitDao.ts" path="/Users/artoriascreative/Artorias/MSCS/5500_fse/tuiter/api/daos/tuits/TuitDao.ts">
        <metrics statements="42" coveredstatements="35" conditionals="6" coveredconditionals="4" methods="13" coveredmethods="13"/>
        <line num="5" count="1" type="stmt"/>
        <line num="7" count="1" type="stmt"/>
        <line num="8" count="1" type="stmt"/>
        <line num="13" count="1" type="stmt"/>
        <line num="28" count="1" type="stmt"/>
        <line num="29" count="1" type="stmt"/>
        <line num="30" count="1" type="stmt"/>
        <line num="31" count="1" type="stmt"/>
        <line num="39" count="1" type="stmt"/>
        <line num="40" count="1" type="stmt"/>
        <line num="41" count="1" type="stmt"/>
        <line num="44" count="1" type="stmt"/>
        <line num="49" count="0" type="stmt"/>
        <line num="60" count="1" type="stmt"/>
        <line num="61" count="1" type="stmt"/>
        <line num="62" count="1" type="stmt"/>
        <line num="64" count="0" type="stmt"/>
        <line num="76" count="1" type="stmt"/>
        <line num="77" count="1" type="stmt"/>
        <line num="78" count="1" type="stmt"/>
        <line num="79" count="1" type="stmt"/>
        <line num="84" count="0" type="stmt"/>
        <line num="96" count="5" type="stmt"/>
        <line num="97" count="5" type="stmt"/>
        <line num="99" count="5" type="stmt"/>
        <line num="102" count="5" type="cond" truecount="1" falsecount="1"/>
        <line num="103" count="0" type="stmt"/>
        <line num="106" count="5" type="stmt"/>
        <line num="107" count="5" type="stmt"/>
        <line num="111" count="5" type="stmt"/>
        <line num="114" count="0" type="stmt"/>
        <line num="127" count="1" type="stmt"/>
        <line num="128" count="1" type="stmt"/>
        <line num="129" count="1" type="stmt"/>
        <line num="136" count="1" type="stmt"/>
        <line num="141" count="0" type="stmt"/>
        <line num="153" count="1" type="stmt"/>
        <line num="154" count="1" type="stmt"/>
        <line num="155" count="1" type="stmt"/>
        <line num="156" count="1" type="cond" truecount="3" falsecount="1"/>
        <line num="157" count="1" type="stmt"/>
        <line num="162" count="0" type="stmt"/>
      </file>
      <file name="TuitDaoErrors.ts" path="/Users/artoriascreative/Artorias/MSCS/5500_fse/tuiter/api/daos/tuits/TuitDaoErrors.ts">
        <metrics statements="7" coveredstatements="7" conditionals="2" coveredconditionals="2" methods="1" coveredmethods="1"/>
        <line num="6" count="1" type="cond" truecount="2" falsecount="0"/>
        <line num="7" count="1" type="stmt"/>
        <line num="8" count="1" type="stmt"/>
        <line num="9" count="1" type="stmt"/>
        <line num="10" count="1" type="stmt"/>
        <line num="11" count="1" type="stmt"/>
        <line num="12" count="1" type="stmt"/>
      </file>
    </package>
    <package name="daos.users">
      <metrics statements="44" coveredstatements="39" conditionals="2" coveredconditionals="2" methods="12" coveredmethods="12"/>
      <file name="UserDao.ts" path="/Users/artoriascreative/Artorias/MSCS/5500_fse/tuiter/api/daos/users/UserDao.ts">
        <metrics statements="31" coveredstatements="26" conditionals="0" coveredconditionals="0" methods="11" coveredmethods="11"/>
        <line num="2" count="2" type="stmt"/>
        <line num="11" count="2" type="stmt"/>
        <line num="21" count="2" type="stmt"/>
        <line num="22" count="2" type="stmt"/>
        <line num="23" count="2" type="stmt"/>
        <line num="30" count="2" type="stmt"/>
        <line num="31" count="1" type="stmt"/>
        <line num="32" count="1" type="stmt"/>
        <line num="33" count="1" type="stmt"/>
        <line num="38" count="0" type="stmt"/>
        <line num="50" count="2" type="stmt"/>
        <line num="51" count="1" type="stmt"/>
        <line num="52" count="1" type="stmt"/>
        <line num="53" count="1" type="stmt"/>
        <line num="58" count="0" type="stmt"/>
        <line num="70" count="3" type="stmt"/>
        <line num="71" count="3" type="stmt"/>
        <line num="72" count="3" type="stmt"/>
        <line num="80" count="3" type="stmt"/>
        <line num="81" count="3" type="stmt"/>
        <line num="86" count="0" type="stmt"/>
        <line num="99" count="2" type="stmt"/>
        <line num="100" count="1" type="stmt"/>
        <line num="101" count="1" type="stmt"/>
        <line num="108" count="1" type="stmt"/>
        <line num="113" count="0" type="stmt"/>
        <line num="125" count="2" type="stmt"/>
        <line num="126" count="1" type="stmt"/>
        <line num="127" count="1" type="stmt"/>
        <line num="128" count="1" type="stmt"/>
        <line num="133" count="0" type="stmt"/>
      </file>
      <file name="UserDaoErrors.ts" path="/Users/artoriascreative/Artorias/MSCS/5500_fse/tuiter/api/daos/users/UserDaoErrors.ts">
        <metrics statements="13" coveredstatements="13" conditionals="2" coveredconditionals="2" methods="1" coveredmethods="1"/>
        <line num="6" count="2" type="cond" truecount="2" falsecount="0"/>
        <line num="7" count="2" type="stmt"/>
        <line num="8" count="2" type="stmt"/>
        <line num="9" count="2" type="stmt"/>
        <line num="10" count="2" type="stmt"/>
        <line num="11" count="2" type="stmt"/>
        <line num="12" count="2" type="stmt"/>
        <line num="13" count="2" type="stmt"/>
        <line num="14" count="2" type="stmt"/>
        <line num="15" count="2" type="stmt"/>
        <line num="16" count="2" type="stmt"/>
        <line num="17" count="2" type="stmt"/>
        <line num="18" count="2" type="stmt"/>
      </file>
    </package>
    <package name="errors">
      <metrics statements="45" coveredstatements="30" conditionals="4" coveredconditionals="0" methods="8" coveredmethods="4"/>
      <file name="BaseError.ts" path="/Users/artoriascreative/Artorias/MSCS/5500_fse/tuiter/api/errors/BaseError.ts">
        <metrics statements="7" coveredstatements="6" conditionals="1" coveredconditionals="0" methods="1" coveredmethods="1"/>
        <line num="3" count="4" type="stmt"/>
        <line num="4" count="17" type="stmt"/>
        <line num="7" count="17" type="stmt"/>
        <line num="8" count="17" type="stmt"/>
        <line num="9" count="17" type="stmt"/>
        <line num="11" count="17" type="cond" truecount="0" falsecount="1"/>
        <line num="12" count="0" type="stmt"/>
      </file>
      <file name="DaoDatabseException.ts" path="/Users/artoriascreative/Artorias/MSCS/5500_fse/tuiter/api/errors/DaoDatabseException.ts">
        <metrics statements="6" coveredstatements="3" conditionals="0" coveredconditionals="0" methods="1" coveredmethods="0"/>
        <line num="1" count="2" type="stmt"/>
        <line num="2" count="2" type="stmt"/>
        <line num="4" count="2" type="stmt"/>
        <line num="8" count="0" type="stmt"/>
        <line num="9" count="0" type="stmt"/>
        <line num="10" count="0" type="stmt"/>
      </file>
      <file name="DaoErrorHandler.ts" path="/Users/artoriascreative/Artorias/MSCS/5500_fse/tuiter/api/errors/DaoErrorHandler.ts">
        <metrics statements="13" coveredstatements="9" conditionals="3" coveredconditionals="0" methods="3" coveredmethods="2"/>
        <line num="2" count="2" type="stmt"/>
        <line num="3" count="2" type="stmt"/>
        <line num="4" count="2" type="stmt"/>
        <line num="11" count="2" type="stmt"/>
        <line num="13" count="3" type="stmt"/>
        <line num="22" count="3" type="stmt"/>
        <line num="27" count="0" type="cond" truecount="0" falsecount="2"/>
        <line num="28" count="0" type="stmt"/>
        <line num="30" count="0" type="stmt"/>
        <line num="40" count="3" type="stmt"/>
        <line num="41" count="11" type="cond" truecount="0" falsecount="1"/>
        <line num="42" count="0" type="stmt"/>
        <line num="44" count="11" type="stmt"/>
      </file>
      <file name="DaoNullException.ts" path="/Users/artoriascreative/Artorias/MSCS/5500_fse/tuiter/api/errors/DaoNullException.ts">
        <metrics statements="6" coveredstatements="3" conditionals="0" coveredconditionals="0" methods="1" coveredmethods="0"/>
        <line num="1" count="2" type="stmt"/>
        <line num="2" count="2" type="stmt"/>
        <line num="4" count="2" type="stmt"/>
        <line num="5" count="0" type="stmt"/>
        <line num="7" count="0" type="stmt"/>
        <line num="8" count="0" type="stmt"/>
      </file>
      <file name="InvalidEntityException.ts" path="/Users/artoriascreative/Artorias/MSCS/5500_fse/tuiter/api/errors/InvalidEntityException.ts">
        <metrics statements="6" coveredstatements="6" conditionals="0" coveredconditionals="0" methods="1" coveredmethods="1"/>
        <line num="1" count="3" type="stmt"/>
        <line num="2" count="3" type="stmt"/>
        <line num="4" count="3" type="stmt"/>
        <line num="8" count="17" type="stmt"/>
        <line num="9" count="17" type="stmt"/>
        <line num="10" count="17" type="stmt"/>
      </file>
      <file name="MongooseException.ts" path="/Users/artoriascreative/Artorias/MSCS/5500_fse/tuiter/api/errors/MongooseException.ts">
        <metrics statements="7" coveredstatements="3" conditionals="0" coveredconditionals="0" methods="1" coveredmethods="0"/>
        <line num="1" count="1" type="stmt"/>
        <line num="2" count="1" type="stmt"/>
        <line num="4" count="1" type="stmt"/>
        <line num="8" count="0" type="stmt"/>
        <line num="9" count="0" type="stmt"/>
        <line num="10" count="0" type="stmt"/>
        <line num="11" count="0" type="stmt"/>
      </file>
    </package>
    <package name="models.tuits">
      <metrics statements="11" coveredstatements="10" conditionals="4" coveredconditionals="3" methods="2" coveredmethods="2"/>
      <file name="Tuit.ts" path="/Users/artoriascreative/Artorias/MSCS/5500_fse/tuiter/api/models/tuits/Tuit.ts">
        <metrics statements="11" coveredstatements="10" conditionals="4" coveredconditionals="3" methods="2" coveredmethods="2"/>
        <line num="1" count="1" type="stmt"/>
        <line num="8" count="1" type="stmt"/>
        <line num="11" count="5" type="stmt"/>
        <line num="12" count="5" type="stmt"/>
        <line num="21" count="5" type="stmt"/>
        <line num="22" count="5" type="stmt"/>
        <line num="23" count="5" type="stmt"/>
        <line num="24" count="5" type="stmt"/>
        <line num="27" count="5" type="stmt"/>
        <line num="28" count="5" type="cond" truecount="3" falsecount="1"/>
        <line num="29" count="0" type="stmt"/>
      </file>
    </package>
    <package name="models.users">
      <metrics statements="62" coveredstatements="62" conditionals="22" coveredconditionals="22" methods="11" coveredmethods="11"/>
      <file name="AccountStatus.ts" path="/Users/artoriascreative/Artorias/MSCS/5500_fse/tuiter/api/models/users/AccountStatus.ts">
        <metrics statements="5" coveredstatements="5" conditionals="2" coveredconditionals="2" methods="1" coveredmethods="1"/>
        <line num="6" count="2" type="cond" truecount="2" falsecount="0"/>
        <line num="7" count="2" type="stmt"/>
        <line num="8" count="2" type="stmt"/>
        <line num="9" count="2" type="stmt"/>
        <line num="10" count="2" type="stmt"/>
      </file>
      <file name="AccoutType.ts" path="/Users/artoriascreative/Artorias/MSCS/5500_fse/tuiter/api/models/users/AccoutType.ts">
        <metrics statements="4" coveredstatements="4" conditionals="2" coveredconditionals="2" methods="1" coveredmethods="1"/>
        <line num="6" count="4" type="cond" truecount="2" falsecount="0"/>
        <line num="7" count="4" type="stmt"/>
        <line num="8" count="4" type="stmt"/>
        <line num="9" count="4" type="stmt"/>
      </file>
      <file name="User.ts" path="/Users/artoriascreative/Artorias/MSCS/5500_fse/tuiter/api/models/users/User.ts">
        <metrics statements="43" coveredstatements="43" conditionals="16" coveredconditionals="16" methods="8" coveredmethods="8"/>
        <line num="2" count="2" type="stmt"/>
        <line num="3" count="2" type="stmt"/>
        <line num="4" count="2" type="stmt"/>
        <line num="6" count="2" type="stmt"/>
        <line num="13" count="2" type="stmt"/>
        <line num="52" count="20" type="stmt"/>
        <line num="53" count="18" type="stmt"/>
        <line num="54" count="16" type="stmt"/>
        <line num="55" count="13" type="stmt"/>
        <line num="56" count="10" type="stmt"/>
        <line num="57" count="7" type="stmt"/>
        <line num="58" count="5" type="stmt"/>
        <line num="60" count="3" type="stmt"/>
        <line num="61" count="3" type="stmt"/>
        <line num="62" count="3" type="stmt"/>
        <line num="63" count="3" type="stmt"/>
        <line num="64" count="3" type="stmt"/>
        <line num="65" count="3" type="stmt"/>
        <line num="66" count="3" type="stmt"/>
        <line num="67" count="3" type="stmt"/>
        <line num="68" count="3" type="stmt"/>
        <line num="70" count="3" type="stmt"/>
        <line num="74" count="5" type="cond" truecount="1" falsecount="0"/>
        <line num="80" count="2" type="stmt"/>
        <line num="83" count="20" type="stmt"/>
        <line num="84" count="20" type="cond" truecount="1" falsecount="0"/>
        <line num="90" count="2" type="stmt"/>
        <line num="94" count="20" type="stmt"/>
        <line num="95" count="18" type="cond" truecount="4" falsecount="0"/>
        <line num="96" count="2" type="stmt"/>
        <line num="100" count="20" type="stmt"/>
        <line num="101" count="7" type="cond" truecount="3" falsecount="0"/>
        <line num="102" count="2" type="stmt"/>
        <line num="106" count="20" type="stmt"/>
        <line num="107" count="16" type="cond" truecount="1" falsecount="0"/>
        <line num="108" count="3" type="stmt"/>
        <line num="112" count="20" type="stmt"/>
        <line num="113" count="10" type="cond" truecount="1" falsecount="0"/>
        <line num="114" count="3" type="stmt"/>
        <line num="128" count="20" type="stmt"/>
        <line num="129" count="13" type="stmt"/>
        <line num="132" count="13" type="cond" truecount="3" falsecount="0"/>
        <line num="133" count="3" type="stmt"/>
      </file>
      <file name="UserErrorMessages.ts" path="/Users/artoriascreative/Artorias/MSCS/5500_fse/tuiter/api/models/users/UserErrorMessages.ts">
        <metrics statements="10" coveredstatements="10" conditionals="2" coveredconditionals="2" methods="1" coveredmethods="1"/>
        <line num="1" count="2" type="cond" truecount="2" falsecount="0"/>
        <line num="2" count="2" type="stmt"/>
        <line num="3" count="2" type="stmt"/>
        <line num="4" count="2" type="stmt"/>
        <line num="5" count="2" type="stmt"/>
        <line num="6" count="2" type="stmt"/>
        <line num="7" count="2" type="stmt"/>
        <line num="8" count="2" type="stmt"/>
        <line num="9" count="2" type="stmt"/>
        <line num="10" count="2" type="stmt"/>
      </file>
    </package>
    <package name="mongoose.bookmarks">
      <metrics statements="15" coveredstatements="12" conditionals="1" coveredconditionals="0" methods="1" coveredmethods="0"/>
      <file name="BookmarkModel.ts" path="/Users/artoriascreative/Artorias/MSCS/5500_fse/tuiter/api/mongoose/bookmarks/BookmarkModel.ts">
        <metrics statements="3" coveredstatements="3" conditionals="0" coveredconditionals="0" methods="0" coveredmethods="0"/>
        <line num="1" count="1" type="stmt"/>
        <line num="4" count="1" type="stmt"/>
        <line num="10" count="1" type="stmt"/>
      </file>
      <file name="BookmarkSchema.ts" path="/Users/artoriascreative/Artorias/MSCS/5500_fse/tuiter/api/mongoose/bookmarks/BookmarkSchema.ts">
        <metrics statements="12" coveredstatements="9" conditionals="1" coveredconditionals="0" methods="1" coveredmethods="0"/>
        <line num="1" count="1" type="stmt"/>
        <line num="2" count="1" type="stmt"/>
        <line num="5" count="1" type="stmt"/>
        <line num="6" count="1" type="stmt"/>
        <line num="16" count="1" type="stmt"/>
        <line num="30" count="1" type="stmt"/>
        <line num="40" count="1" type="stmt"/>
        <line num="41" count="0" type="stmt"/>
        <line num="42" count="0" type="cond" truecount="0" falsecount="1"/>
        <line num="43" count="0" type="stmt"/>
        <line num="47" count="1" type="stmt"/>
        <line num="48" count="1" type="stmt"/>
      </file>
    </package>
    <package name="mongoose.likes">
      <metrics statements="19" coveredstatements="13" conditionals="2" coveredconditionals="0" methods="1" coveredmethods="0"/>
      <file name="LikeModel.ts" path="/Users/artoriascreative/Artorias/MSCS/5500_fse/tuiter/api/mongoose/likes/LikeModel.ts">
        <metrics statements="3" coveredstatements="3" conditionals="0" coveredconditionals="0" methods="0" coveredmethods="0"/>
        <line num="1" count="1" type="stmt"/>
        <line num="3" count="1" type="stmt"/>
        <line num="9" count="1" type="stmt"/>
      </file>
      <file name="LikeSchema.ts" path="/Users/artoriascreative/Artorias/MSCS/5500_fse/tuiter/api/mongoose/likes/LikeSchema.ts">
        <metrics statements="16" coveredstatements="10" conditionals="2" coveredconditionals="0" methods="1" coveredmethods="0"/>
        <line num="1" count="1" type="stmt"/>
        <line num="3" count="1" type="stmt"/>
        <line num="7" count="1" type="stmt"/>
        <line num="8" count="1" type="stmt"/>
        <line num="9" count="1" type="stmt"/>
        <line num="20" count="1" type="stmt"/>
        <line num="34" count="1" type="stmt"/>
        <line num="44" count="1" type="stmt"/>
        <line num="45" count="0" type="stmt"/>
        <line num="46" count="0" type="cond" truecount="0" falsecount="1"/>
        <line num="47" count="0" type="stmt"/>
        <line num="49" count="0" type="stmt"/>
        <line num="50" count="0" type="cond" truecount="0" falsecount="1"/>
        <line num="51" count="0" type="stmt"/>
        <line num="55" count="1" type="stmt"/>
        <line num="56" count="1" type="stmt"/>
      </file>
    </package>
    <package name="mongoose.tuits">
      <metrics statements="20" coveredstatements="19" conditionals="1" coveredconditionals="0" methods="2" coveredmethods="2"/>
      <file name="TuitModel.ts" path="/Users/artoriascreative/Artorias/MSCS/5500_fse/tuiter/api/mongoose/tuits/TuitModel.ts">
        <metrics statements="3" coveredstatements="3" conditionals="0" coveredconditionals="0" methods="0" coveredmethods="0"/>
        <line num="1" count="1" type="stmt"/>
        <line num="3" count="1" type="stmt"/>
        <line num="9" count="1" type="stmt"/>
      </file>
      <file name="TuitSchema.ts" path="/Users/artoriascreative/Artorias/MSCS/5500_fse/tuiter/api/mongoose/tuits/TuitSchema.ts">
        <metrics statements="17" coveredstatements="16" conditionals="1" coveredconditionals="0" methods="2" coveredmethods="2"/>
        <line num="1" count="1" type="stmt"/>
        <line num="2" count="1" type="stmt"/>
        <line num="4" count="1" type="stmt"/>
        <line num="5" count="1" type="stmt"/>
        <line num="6" count="1" type="stmt"/>
        <line num="8" count="1" type="stmt"/>
        <line num="21" count="1" type="stmt"/>
        <line num="35" count="1" type="stmt"/>
        <line num="48" count="1" type="stmt"/>
        <line num="49" count="5" type="stmt"/>
        <line num="50" count="5" type="cond" truecount="0" falsecount="1"/>
        <line num="51" count="0" type="stmt"/>
        <line num="57" count="1" type="stmt"/>
        <line num="58" count="1" type="stmt"/>
        <line num="59" count="1" type="stmt"/>
        <line num="62" count="1" type="stmt"/>
        <line num="63" count="1" type="stmt"/>
      </file>
    </package>
    <package name="mongoose.users">
      <metrics statements="10" coveredstatements="10" conditionals="0" coveredconditionals="0" methods="0" coveredmethods="0"/>
      <file name="UserModel.ts" path="/Users/artoriascreative/Artorias/MSCS/5500_fse/tuiter/api/mongoose/users/UserModel.ts">
        <metrics statements="3" coveredstatements="3" conditionals="0" coveredconditionals="0" methods="0" coveredmethods="0"/>
        <line num="1" count="2" type="stmt"/>
        <line num="3" count="2" type="stmt"/>
        <line num="9" count="2" type="stmt"/>
      </file>
      <file name="UserSchema.ts" path="/Users/artoriascreative/Artorias/MSCS/5500_fse/tuiter/api/mongoose/users/UserSchema.ts">
        <metrics statements="7" coveredstatements="7" conditionals="0" coveredconditionals="0" methods="0" coveredmethods="0"/>
        <line num="1" count="2" type="stmt"/>
        <line num="3" count="2" type="stmt"/>
        <line num="4" count="2" type="stmt"/>
        <line num="5" count="2" type="stmt"/>
        <line num="25" count="2" type="stmt"/>
        <line num="54" count="2" type="stmt"/>
        <line num="55" count="2" type="stmt"/>
      </file>
    </package>
    <package name="mongoose.util">
      <metrics statements="5" coveredstatements="2" conditionals="0" coveredconditionals="0" methods="2" coveredmethods="1"/>
      <file name="formatJSON.ts" path="/Users/artoriascreative/Artorias/MSCS/5500_fse/tuiter/api/mongoose/util/formatJSON.ts">
        <metrics statements="5" coveredstatements="2" conditionals="0" coveredconditionals="0" methods="2" coveredmethods="1"/>
        <line num="3" count="2" type="stmt"/>
        <line num="4" count="5" type="stmt"/>
        <line num="7" count="0" type="stmt"/>
        <line num="8" count="0" type="stmt"/>
        <line num="9" count="0" type="stmt"/>
      </file>
    </package>
    <package name="shared">
      <metrics statements="7" coveredstatements="7" conditionals="4" coveredconditionals="4" methods="1" coveredmethods="1"/>
      <file name="validateWithRegex.ts" path="/Users/artoriascreative/Artorias/MSCS/5500_fse/tuiter/api/shared/validateWithRegex.ts">
        <metrics statements="7" coveredstatements="7" conditionals="4" coveredconditionals="4" methods="1" coveredmethods="1"/>
        <line num="1" count="2" type="stmt"/>
        <line num="2" count="46" type="cond" truecount="1" falsecount="0"/>
        <line num="3" count="43" type="stmt"/>
        <line num="4" count="43" type="stmt"/>
        <line num="5" count="43" type="cond" truecount="3" falsecount="0"/>
        <line num="6" count="5" type="stmt"/>
        <line num="8" count="38" type="stmt"/>
      </file>
    </package>
  </project>
</coverage>
