<?xml version="1.0" encoding="UTF-8"?>
<coverage generated="1646696789969" clover="3.2.0">
  <project timestamp="1646696789969" name="All files">
    <metrics statements="118" coveredstatements="117" conditionals="27" coveredconditionals="26" methods="32" coveredmethods="32" elements="177" coveredelements="175" complexity="0" loc="118" ncloc="118" packages="6" files="11" classes="11"/>
    <package name="controllers.shared">
      <metrics statements="13" coveredstatements="13" conditionals="4" coveredconditionals="4" methods="3" coveredmethods="3"/>
      <file name="HttpStatusCode.ts" path="/Users/artoriascreative/Artorias/MSCS/5500_fse/tuiter/api/controllers/shared/HttpStatusCode.ts">
        <metrics statements="6" coveredstatements="6" conditionals="2" coveredconditionals="2" methods="1" coveredmethods="1"/>
        <line num="6" count="2" type="cond" truecount="2" falsecount="0"/>
        <line num="7" count="2" type="stmt"/>
        <line num="8" count="2" type="stmt"/>
        <line num="9" count="2" type="stmt"/>
        <line num="10" count="2" type="stmt"/>
        <line num="11" count="2" type="stmt"/>
      </file>
      <file name="Methods.ts" path="/Users/artoriascreative/Artorias/MSCS/5500_fse/tuiter/api/controllers/shared/Methods.ts">
        <metrics statements="5" coveredstatements="5" conditionals="2" coveredconditionals="2" methods="1" coveredmethods="1"/>
        <line num="6" count="1" type="cond" truecount="2" falsecount="0"/>
        <line num="7" count="1" type="stmt"/>
        <line num="8" count="1" type="stmt"/>
        <line num="9" count="1" type="stmt"/>
        <line num="10" count="1" type="stmt"/>
      </file>
      <file name="createHttpResponse.ts" path="/Users/artoriascreative/Artorias/MSCS/5500_fse/tuiter/api/controllers/shared/createHttpResponse.ts">
        <metrics statements="2" coveredstatements="2" conditionals="0" coveredconditionals="0" methods="1" coveredmethods="1"/>
        <line num="2" count="1" type="stmt"/>
        <line num="4" count="5" type="stmt"/>
      </file>
    </package>
    <package name="controllers.users">
      <metrics statements="25" coveredstatements="25" conditionals="0" coveredconditionals="0" methods="11" coveredmethods="11"/>
      <file name="UserController.ts" path="/Users/artoriascreative/Artorias/MSCS/5500_fse/tuiter/api/controllers/users/UserController.ts">
        <metrics statements="25" coveredstatements="25" conditionals="0" coveredconditionals="0" methods="11" coveredmethods="11"/>
        <line num="4" count="1" type="stmt"/>
        <line num="8" count="1" type="stmt"/>
        <line num="9" count="1" type="stmt"/>
        <line num="14" count="1" type="stmt"/>
        <line num="25" count="1" type="stmt"/>
        <line num="26" count="1" type="stmt"/>
        <line num="27" count="1" type="stmt"/>
        <line num="55" count="1" type="stmt"/>
        <line num="63" count="1" type="stmt"/>
        <line num="64" count="1" type="stmt"/>
        <line num="65" count="1" type="stmt"/>
        <line num="73" count="1" type="stmt"/>
        <line num="74" count="1" type="stmt"/>
        <line num="75" count="1" type="stmt"/>
        <line num="83" count="1" type="stmt"/>
        <line num="84" count="1" type="stmt"/>
        <line num="85" count="1" type="stmt"/>
        <line num="86" count="1" type="stmt"/>
        <line num="94" count="1" type="stmt"/>
        <line num="95" count="1" type="stmt"/>
        <line num="96" count="1" type="stmt"/>
        <line num="97" count="1" type="stmt"/>
        <line num="105" count="1" type="stmt"/>
        <line num="106" count="1" type="stmt"/>
        <line num="107" count="1" type="stmt"/>
      </file>
    </package>
    <package name="errors">
      <metrics statements="13" coveredstatements="12" conditionals="1" coveredconditionals="0" methods="2" coveredmethods="2"/>
      <file name="BaseError.ts" path="/Users/artoriascreative/Artorias/MSCS/5500_fse/tuiter/api/errors/BaseError.ts">
        <metrics statements="7" coveredstatements="6" conditionals="1" coveredconditionals="0" methods="1" coveredmethods="1"/>
        <line num="3" count="2" type="stmt"/>
        <line num="4" count="17" type="stmt"/>
        <line num="7" count="17" type="stmt"/>
        <line num="8" count="17" type="stmt"/>
        <line num="9" count="17" type="stmt"/>
        <line num="11" count="17" type="cond" truecount="0" falsecount="1"/>
        <line num="12" count="0" type="stmt"/>
      </file>
      <file name="InvalidEntityException.ts" path="/Users/artoriascreative/Artorias/MSCS/5500_fse/tuiter/api/errors/InvalidEntityException.ts">
        <metrics statements="6" coveredstatements="6" conditionals="0" coveredconditionals="0" methods="1" coveredmethods="1"/>
        <line num="1" count="2" type="stmt"/>
        <line num="2" count="2" type="stmt"/>
        <line num="4" count="2" type="stmt"/>
        <line num="8" count="17" type="stmt"/>
        <line num="9" count="17" type="stmt"/>
        <line num="10" count="17" type="stmt"/>
      </file>
    </package>
    <package name="mocks">
      <metrics statements="11" coveredstatements="11" conditionals="0" coveredconditionals="0" methods="7" coveredmethods="7"/>
      <file name="UserDaoMock.ts" path="/Users/artoriascreative/Artorias/MSCS/5500_fse/tuiter/api/mocks/UserDaoMock.ts">
        <metrics statements="9" coveredstatements="9" conditionals="0" coveredconditionals="0" methods="7" coveredmethods="7"/>
        <line num="3" count="1" type="stmt"/>
        <line num="5" count="1" type="stmt"/>
        <line num="7" count="1" type="stmt"/>
        <line num="10" count="1" type="stmt"/>
        <line num="12" count="1" type="stmt"/>
        <line num="13" count="1" type="stmt"/>
        <line num="16" count="1" type="stmt"/>
        <line num="17" count="1" type="stmt"/>
        <line num="20" count="1" type="stmt"/>
      </file>
      <file name="mockUsers.ts" path="/Users/artoriascreative/Artorias/MSCS/5500_fse/tuiter/api/mocks/mockUsers.ts">
        <metrics statements="2" coveredstatements="2" conditionals="0" coveredconditionals="0" methods="0" coveredmethods="0"/>
        <line num="1" count="1" type="stmt"/>
        <line num="16" count="1" type="stmt"/>
      </file>
    </package>
    <package name="models.shared">
      <metrics statements="7" coveredstatements="7" conditionals="4" coveredconditionals="4" methods="1" coveredmethods="1"/>
      <file name="validateWithRegex.ts" path="/Users/artoriascreative/Artorias/MSCS/5500_fse/tuiter/api/models/shared/validateWithRegex.ts">
        <metrics statements="7" coveredstatements="7" conditionals="4" coveredconditionals="4" methods="1" coveredmethods="1"/>
        <line num="1" count="2" type="stmt"/>
        <line num="2" count="42" type="cond" truecount="1" falsecount="0"/>
        <line num="3" count="39" type="stmt"/>
        <line num="4" count="39" type="stmt"/>
        <line num="5" count="39" type="cond" truecount="3" falsecount="0"/>
        <line num="6" count="5" type="stmt"/>
        <line num="8" count="34" type="stmt"/>
      </file>
    </package>
    <package name="models.users">
      <metrics statements="49" coveredstatements="49" conditionals="18" coveredconditionals="18" methods="8" coveredmethods="8"/>
      <file name="User.ts" path="/Users/artoriascreative/Artorias/MSCS/5500_fse/tuiter/api/models/users/User.ts">
        <metrics statements="41" coveredstatements="41" conditionals="16" coveredconditionals="16" methods="7" coveredmethods="7"/>
        <line num="2" count="2" type="stmt"/>
        <line num="3" count="2" type="stmt"/>
        <line num="4" count="2" type="stmt"/>
        <line num="12" count="2" type="stmt"/>
        <line num="54" count="20" type="stmt"/>
        <line num="55" count="18" type="stmt"/>
        <line num="56" count="14" type="stmt"/>
        <line num="57" count="11" type="stmt"/>
        <line num="58" count="8" type="stmt"/>
        <line num="59" count="5" type="stmt"/>
        <line num="61" count="3" type="stmt"/>
        <line num="62" count="3" type="stmt"/>
        <line num="63" count="3" type="stmt"/>
        <line num="64" count="3" type="stmt"/>
        <line num="65" count="3" type="stmt"/>
        <line num="66" count="3" type="stmt"/>
        <line num="67" count="3" type="stmt"/>
        <line num="68" count="3" type="stmt"/>
        <line num="69" count="3" type="stmt"/>
        <line num="70" count="3" type="stmt"/>
        <line num="71" count="3" type="stmt"/>
        <line num="72" count="3" type="stmt"/>
        <line num="75" count="20" type="stmt"/>
        <line num="76" count="20" type="cond" truecount="1" falsecount="0"/>
        <line num="82" count="2" type="stmt"/>
        <line num="86" count="20" type="stmt"/>
        <line num="87" count="18" type="cond" truecount="1" falsecount="0"/>
        <line num="95" count="4" type="stmt"/>
        <line num="99" count="20" type="stmt"/>
        <line num="100" count="5" type="cond" truecount="3" falsecount="0"/>
        <line num="101" count="2" type="stmt"/>
        <line num="105" count="20" type="stmt"/>
        <line num="106" count="14" type="cond" truecount="1" falsecount="0"/>
        <line num="107" count="3" type="stmt"/>
        <line num="111" count="20" type="stmt"/>
        <line num="112" count="8" type="cond" truecount="1" falsecount="0"/>
        <line num="113" count="3" type="stmt"/>
        <line num="127" count="20" type="stmt"/>
        <line num="128" count="11" type="stmt"/>
        <line num="131" count="11" type="cond" truecount="3" falsecount="0"/>
        <line num="132" count="3" type="stmt"/>
      </file>
      <file name="UserErrorMessages.ts" path="/Users/artoriascreative/Artorias/MSCS/5500_fse/tuiter/api/models/users/UserErrorMessages.ts">
        <metrics statements="8" coveredstatements="8" conditionals="2" coveredconditionals="2" methods="1" coveredmethods="1"/>
        <line num="1" count="2" type="cond" truecount="2" falsecount="0"/>
        <line num="2" count="2" type="stmt"/>
        <line num="3" count="2" type="stmt"/>
        <line num="4" count="2" type="stmt"/>
        <line num="5" count="2" type="stmt"/>
        <line num="6" count="2" type="stmt"/>
        <line num="7" count="2" type="stmt"/>
        <line num="8" count="2" type="stmt"/>
      </file>
    </package>
  </project>
</coverage>
