{"/Users/artoriascreative/Artorias/MSCS/5500_fse/tuiter/api/controllers/shared/HttpStatusCode.ts": {"path":"/Users/artoriascreative/Artorias/MSCS/5500_fse/tuiter/api/controllers/shared/HttpStatusCode.ts","statementMap":{"0":{"start":{"line":6,"column":0},"end":{"line":6,"column":null}},"1":{"start":{"line":7,"column":2},"end":{"line":7,"column":null}},"2":{"start":{"line":8,"column":2},"end":{"line":8,"column":null}},"3":{"start":{"line":9,"column":2},"end":{"line":9,"column":null}},"4":{"start":{"line":10,"column":2},"end":{"line":10,"column":null}},"5":{"start":{"line":11,"column":2},"end":{"line":11,"column":null}}},"fnMap":{"0":{"name":"(anonymous_0)","decl":{"start":{"line":6,"column":0},"end":{"line":6,"column":12}},"loc":{"start":{"line":6,"column":26},"end":{"line":12,"column":1}}}},"branchMap":{"0":{"loc":{"start":{"line":6,"column":12},"end":{"line":6,"column":null}},"type":"binary-expr","locations":[{"start":{"line":6,"column":12},"end":{"line":6,"column":26}},{"start":{"line":6,"column":12},"end":{"line":6,"column":null}}]}},"s":{"0":2,"1":2,"2":2,"3":2,"4":2,"5":2},"f":{"0":2},"b":{"0":[2,2]}}
,"/Users/artoriascreative/Artorias/MSCS/5500_fse/tuiter/api/controllers/shared/Methods.ts": {"path":"/Users/artoriascreative/Artorias/MSCS/5500_fse/tuiter/api/controllers/shared/Methods.ts","statementMap":{"0":{"start":{"line":6,"column":0},"end":{"line":6,"column":null}},"1":{"start":{"line":7,"column":2},"end":{"line":7,"column":null}},"2":{"start":{"line":8,"column":2},"end":{"line":8,"column":null}},"3":{"start":{"line":9,"column":2},"end":{"line":9,"column":null}},"4":{"start":{"line":10,"column":2},"end":{"line":10,"column":null}}},"fnMap":{"0":{"name":"(anonymous_0)","decl":{"start":{"line":6,"column":0},"end":{"line":6,"column":12}},"loc":{"start":{"line":6,"column":19},"end":{"line":11,"column":1}}}},"branchMap":{"0":{"loc":{"start":{"line":6,"column":12},"end":{"line":6,"column":null}},"type":"binary-expr","locations":[{"start":{"line":6,"column":12},"end":{"line":6,"column":19}},{"start":{"line":6,"column":12},"end":{"line":6,"column":null}}]}},"s":{"0":1,"1":1,"2":1,"3":1,"4":1},"f":{"0":1},"b":{"0":[1,1]}}
,"/Users/artoriascreative/Artorias/MSCS/5500_fse/tuiter/api/controllers/shared/createHttpResponse.ts": {"path":"/Users/artoriascreative/Artorias/MSCS/5500_fse/tuiter/api/controllers/shared/createHttpResponse.ts","statementMap":{"0":{"start":{"line":2,"column":0},"end":{"line":2,"column":50}},"1":{"start":{"line":4,"column":32},"end":{"line":7,"column":2}},"2":{"start":{"line":4,"column":63},"end":{"line":7,"column":2}},"3":{"start":{"line":4,"column":13},"end":{"line":4,"column":32}}},"fnMap":{"0":{"name":"(anonymous_0)","decl":{"start":{"line":4,"column":32},"end":{"line":4,"column":36}},"loc":{"start":{"line":4,"column":63},"end":{"line":7,"column":2}}}},"branchMap":{},"s":{"0":1,"1":1,"2":5,"3":1},"f":{"0":5},"b":{}}
,"/Users/artoriascreative/Artorias/MSCS/5500_fse/tuiter/api/controllers/users/UserController.ts": {"path":"/Users/artoriascreative/Artorias/MSCS/5500_fse/tuiter/api/controllers/users/UserController.ts","statementMap":{"0":{"start":{"line":4,"column":0},"end":{"line":4,"column":44}},"1":{"start":{"line":8,"column":0},"end":{"line":8,"column":43}},"2":{"start":{"line":9,"column":0},"end":{"line":9,"column":64}},"3":{"start":{"line":63,"column":2},"end":{"line":66,"column":4}},"4":{"start":{"line":63,"column":46},"end":{"line":66,"column":4}},"5":{"start":{"line":64,"column":30},"end":{"line":64,"column":54}},"6":{"start":{"line":65,"column":4},"end":{"line":65,"column":38}},"7":{"start":{"line":73,"column":2},"end":{"line":76,"column":4}},"8":{"start":{"line":73,"column":63},"end":{"line":76,"column":4}},"9":{"start":{"line":74,"column":26},"end":{"line":74,"column":68}},"10":{"start":{"line":75,"column":4},"end":{"line":75,"column":36}},"11":{"start":{"line":83,"column":2},"end":{"line":87,"column":4}},"12":{"start":{"line":83,"column":61},"end":{"line":87,"column":4}},"13":{"start":{"line":84,"column":33},"end":{"line":84,"column":58}},"14":{"start":{"line":85,"column":19},"end":{"line":85,"column":55}},"15":{"start":{"line":86,"column":4},"end":{"line":86,"column":36}},"16":{"start":{"line":94,"column":2},"end":{"line":98,"column":4}},"17":{"start":{"line":94,"column":61},"end":{"line":98,"column":4}},"18":{"start":{"line":95,"column":33},"end":{"line":95,"column":58}},"19":{"start":{"line":96,"column":24},"end":{"line":96,"column":79}},"20":{"start":{"line":97,"column":4},"end":{"line":97,"column":41}},"21":{"start":{"line":105,"column":2},"end":{"line":108,"column":4}},"22":{"start":{"line":105,"column":61},"end":{"line":108,"column":4}},"23":{"start":{"line":106,"column":31},"end":{"line":106,"column":71}},"24":{"start":{"line":107,"column":4},"end":{"line":107,"column":41}},"25":{"start":{"line":25,"column":4},"end":{"line":25,"column":26}},"26":{"start":{"line":26,"column":4},"end":{"line":26,"column":19}},"27":{"start":{"line":27,"column":4},"end":{"line":54,"column":6}},"28":{"start":{"line":55,"column":4},"end":{"line":55,"column":24}},"29":{"start":{"line":14,"column":0},"end":{"line":14,"column":13}}},"fnMap":{"0":{"name":"(anonymous_8)","decl":{"start":{"line":24,"column":2},"end":{"line":24,"column":21}},"loc":{"start":{"line":24,"column":37},"end":{"line":56,"column":3}}},"1":{"name":"(anonymous_9)","decl":{"start":{"line":63,"column":12},"end":{"line":63,"column":44}},"loc":{"start":{"line":63,"column":46},"end":{"line":66,"column":4}}},"2":{"name":"(anonymous_10)","decl":{"start":{"line":63,"column":46},"end":{"line":63,"column":null}},"loc":{"start":{"line":63,"column":46},"end":{"line":66,"column":3}}},"3":{"name":"(anonymous_11)","decl":{"start":{"line":73,"column":13},"end":{"line":73,"column":20}},"loc":{"start":{"line":73,"column":63},"end":{"line":76,"column":4}}},"4":{"name":"(anonymous_12)","decl":{"start":{"line":73,"column":63},"end":{"line":73,"column":null}},"loc":{"start":{"line":73,"column":63},"end":{"line":76,"column":3}}},"5":{"name":"(anonymous_13)","decl":{"start":{"line":83,"column":11},"end":{"line":83,"column":18}},"loc":{"start":{"line":83,"column":61},"end":{"line":87,"column":4}}},"6":{"name":"(anonymous_14)","decl":{"start":{"line":83,"column":61},"end":{"line":83,"column":null}},"loc":{"start":{"line":83,"column":61},"end":{"line":87,"column":3}}},"7":{"name":"(anonymous_15)","decl":{"start":{"line":94,"column":11},"end":{"line":94,"column":18}},"loc":{"start":{"line":94,"column":61},"end":{"line":98,"column":4}}},"8":{"name":"(anonymous_16)","decl":{"start":{"line":94,"column":61},"end":{"line":94,"column":null}},"loc":{"start":{"line":94,"column":61},"end":{"line":98,"column":3}}},"9":{"name":"(anonymous_17)","decl":{"start":{"line":105,"column":11},"end":{"line":105,"column":18}},"loc":{"start":{"line":105,"column":61},"end":{"line":108,"column":4}}},"10":{"name":"(anonymous_18)","decl":{"start":{"line":105,"column":61},"end":{"line":105,"column":null}},"loc":{"start":{"line":105,"column":61},"end":{"line":108,"column":3}}}},"branchMap":{},"s":{"0":1,"1":1,"2":1,"3":1,"4":1,"5":1,"6":1,"7":1,"8":1,"9":1,"10":1,"11":1,"12":1,"13":1,"14":1,"15":1,"16":1,"17":1,"18":1,"19":1,"20":1,"21":1,"22":1,"23":1,"24":1,"25":1,"26":1,"27":1,"28":1,"29":1},"f":{"0":1,"1":1,"2":1,"3":1,"4":1,"5":1,"6":1,"7":1,"8":1,"9":1,"10":1},"b":{}}
,"/Users/artoriascreative/Artorias/MSCS/5500_fse/tuiter/api/errors/BaseError.ts": {"path":"/Users/artoriascreative/Artorias/MSCS/5500_fse/tuiter/api/errors/BaseError.ts","statementMap":{"0":{"start":{"line":7,"column":4},"end":{"line":7,"column":19}},"1":{"start":{"line":4,"column":18},"end":{"line":4,"column":48}},"2":{"start":{"line":8,"column":4},"end":{"line":8,"column":54}},"3":{"start":{"line":9,"column":4},"end":{"line":9,"column":34}},"4":{"start":{"line":11,"column":4},"end":{"line":13,"column":null}},"5":{"start":{"line":12,"column":6},"end":{"line":12,"column":79}},"6":{"start":{"line":3,"column":0},"end":{"line":3,"column":30}}},"fnMap":{"0":{"name":"(anonymous_0)","decl":{"start":{"line":6,"column":2},"end":{"line":6,"column":14}},"loc":{"start":{"line":6,"column":44},"end":{"line":14,"column":3}}}},"branchMap":{"0":{"loc":{"start":{"line":11,"column":4},"end":{"line":13,"column":null}},"type":"if","locations":[{"start":{"line":11,"column":4},"end":{"line":13,"column":null}}]}},"s":{"0":17,"1":17,"2":17,"3":17,"4":17,"5":0,"6":2},"f":{"0":17},"b":{"0":[0]}}
,"/Users/artoriascreative/Artorias/MSCS/5500_fse/tuiter/api/errors/InvalidEntityException.ts": {"path":"/Users/artoriascreative/Artorias/MSCS/5500_fse/tuiter/api/errors/InvalidEntityException.ts","statementMap":{"0":{"start":{"line":1,"column":0},"end":{"line":1,"column":70}},"1":{"start":{"line":2,"column":0},"end":{"line":2,"column":36}},"2":{"start":{"line":8,"column":4},"end":{"line":8,"column":19}},"3":{"start":{"line":9,"column":4},"end":{"line":9,"column":42}},"4":{"start":{"line":10,"column":4},"end":{"line":10,"column":24}},"5":{"start":{"line":4,"column":0},"end":{"line":4,"column":21}}},"fnMap":{"0":{"name":"(anonymous_1)","decl":{"start":{"line":7,"column":2},"end":{"line":7,"column":14}},"loc":{"start":{"line":7,"column":29},"end":{"line":11,"column":3}}}},"branchMap":{},"s":{"0":2,"1":2,"2":17,"3":17,"4":17,"5":2},"f":{"0":17},"b":{}}
,"/Users/artoriascreative/Artorias/MSCS/5500_fse/tuiter/api/mocks/UserDaoMock.ts": {"path":"/Users/artoriascreative/Artorias/MSCS/5500_fse/tuiter/api/mocks/UserDaoMock.ts","statementMap":{"0":{"start":{"line":3,"column":0},"end":{"line":3,"column":61}},"1":{"start":{"line":12,"column":2},"end":{"line":14,"column":4}},"2":{"start":{"line":12,"column":49},"end":{"line":14,"column":4}},"3":{"start":{"line":13,"column":4},"end":{"line":13,"column":42}},"4":{"start":{"line":7,"column":4},"end":{"line":7,"column":44}},"5":{"start":{"line":10,"column":4},"end":{"line":10,"column":53}},"6":{"start":{"line":16,"column":4},"end":{"line":16,"column":26}},"7":{"start":{"line":17,"column":4},"end":{"line":17,"column":68}},"8":{"start":{"line":20,"column":4},"end":{"line":20,"column":53}},"9":{"start":{"line":5,"column":0},"end":{"line":5,"column":21}}},"fnMap":{"0":{"name":"(anonymous_7)","decl":{"start":{"line":5,"column":0},"end":{"line":5,"column":21}},"loc":{"start":{"line":5,"column":0},"end":{"line":22,"column":1}}},"1":{"name":"(anonymous_8)","decl":{"start":{"line":12,"column":11},"end":{"line":12,"column":18}},"loc":{"start":{"line":12,"column":49},"end":{"line":14,"column":4}}},"2":{"name":"(anonymous_9)","decl":{"start":{"line":12,"column":49},"end":{"line":12,"column":null}},"loc":{"start":{"line":12,"column":49},"end":{"line":14,"column":3}}},"3":{"name":"(anonymous_10)","decl":{"start":{"line":6,"column":2},"end":{"line":6,"column":9}},"loc":{"start":{"line":6,"column":9},"end":{"line":8,"column":3}}},"4":{"name":"(anonymous_11)","decl":{"start":{"line":9,"column":2},"end":{"line":9,"column":10}},"loc":{"start":{"line":9,"column":21},"end":{"line":11,"column":3}}},"5":{"name":"(anonymous_12)","decl":{"start":{"line":15,"column":2},"end":{"line":15,"column":8}},"loc":{"start":{"line":15,"column":32},"end":{"line":18,"column":3}}},"6":{"name":"(anonymous_13)","decl":{"start":{"line":19,"column":2},"end":{"line":19,"column":8}},"loc":{"start":{"line":19,"column":19},"end":{"line":21,"column":3}}}},"branchMap":{},"s":{"0":1,"1":1,"2":1,"3":1,"4":1,"5":1,"6":1,"7":1,"8":1,"9":1},"f":{"0":1,"1":1,"2":1,"3":1,"4":1,"5":1,"6":1},"b":{}}
,"/Users/artoriascreative/Artorias/MSCS/5500_fse/tuiter/api/mocks/mockUsers.ts": {"path":"/Users/artoriascreative/Artorias/MSCS/5500_fse/tuiter/api/mocks/mockUsers.ts","statementMap":{"0":{"start":{"line":1,"column":13},"end":{"line":14,"column":2}},"1":{"start":{"line":16,"column":13},"end":{"line":22,"column":2}}},"fnMap":{},"branchMap":{},"s":{"0":1,"1":1},"f":{},"b":{}}
,"/Users/artoriascreative/Artorias/MSCS/5500_fse/tuiter/api/models/shared/validateWithRegex.ts": {"path":"/Users/artoriascreative/Artorias/MSCS/5500_fse/tuiter/api/models/shared/validateWithRegex.ts","statementMap":{"0":{"start":{"line":1,"column":28},"end":{"line":9,"column":1}},"1":{"start":{"line":2,"column":2},"end":{"line":2,"column":27}},"2":{"start":{"line":2,"column":14},"end":{"line":2,"column":27}},"3":{"start":{"line":3,"column":34},"end":{"line":3,"column":60}},"4":{"start":{"line":4,"column":16},"end":{"line":4,"column":33}},"5":{"start":{"line":5,"column":2},"end":{"line":7,"column":null}},"6":{"start":{"line":6,"column":4},"end":{"line":6,"column":17}},"7":{"start":{"line":8,"column":2},"end":{"line":8,"column":14}},"8":{"start":{"line":1,"column":13},"end":{"line":1,"column":28}}},"fnMap":{"0":{"name":"(anonymous_0)","decl":{"start":{"line":1,"column":28},"end":{"line":1,"column":29}},"loc":{"start":{"line":1,"column":70},"end":{"line":9,"column":1}}}},"branchMap":{"0":{"loc":{"start":{"line":2,"column":2},"end":{"line":2,"column":27}},"type":"if","locations":[{"start":{"line":2,"column":2},"end":{"line":2,"column":27}}]},"1":{"loc":{"start":{"line":5,"column":2},"end":{"line":7,"column":null}},"type":"if","locations":[{"start":{"line":5,"column":2},"end":{"line":7,"column":null}}]},"2":{"loc":{"start":{"line":5,"column":6},"end":{"line":5,"column":54}},"type":"binary-expr","locations":[{"start":{"line":5,"column":6},"end":{"line":5,"column":22}},{"start":{"line":5,"column":26},"end":{"line":5,"column":54}}]}},"s":{"0":2,"1":42,"2":3,"3":39,"4":39,"5":39,"6":5,"7":34,"8":2},"f":{"0":42},"b":{"0":[3],"1":[5],"2":[39,39]}}
,"/Users/artoriascreative/Artorias/MSCS/5500_fse/tuiter/api/models/users/User.ts": {"path":"/Users/artoriascreative/Artorias/MSCS/5500_fse/tuiter/api/models/users/User.ts","statementMap":{"0":{"start":{"line":2,"column":0},"end":{"line":2,"column":73}},"1":{"start":{"line":3,"column":0},"end":{"line":3,"column":56}},"2":{"start":{"line":4,"column":0},"end":{"line":4,"column":59}},"3":{"start":{"line":75,"column":10},"end":{"line":84,"column":4}},"4":{"start":{"line":76,"column":4},"end":{"line":83,"column":null}},"5":{"start":{"line":82,"column":6},"end":{"line":82,"column":75}},"6":{"start":{"line":86,"column":10},"end":{"line":97,"column":4}},"7":{"start":{"line":87,"column":4},"end":{"line":96,"column":null}},"8":{"start":{"line":95,"column":6},"end":{"line":95,"column":71}},"9":{"start":{"line":99,"column":10},"end":{"line":103,"column":4}},"10":{"start":{"line":100,"column":4},"end":{"line":102,"column":null}},"11":{"start":{"line":101,"column":6},"end":{"line":101,"column":70}},"12":{"start":{"line":105,"column":10},"end":{"line":109,"column":4}},"13":{"start":{"line":106,"column":4},"end":{"line":108,"column":null}},"14":{"start":{"line":107,"column":6},"end":{"line":107,"column":72}},"15":{"start":{"line":111,"column":10},"end":{"line":115,"column":4}},"16":{"start":{"line":112,"column":4},"end":{"line":114,"column":null}},"17":{"start":{"line":113,"column":6},"end":{"line":113,"column":70}},"18":{"start":{"line":127,"column":10},"end":{"line":134,"column":4}},"19":{"start":{"line":128,"column":18},"end":{"line":129,"column":null}},"20":{"start":{"line":131,"column":4},"end":{"line":133,"column":null}},"21":{"start":{"line":132,"column":6},"end":{"line":132,"column":75}},"22":{"start":{"line":54,"column":4},"end":{"line":54,"column":41}},"23":{"start":{"line":55,"column":4},"end":{"line":55,"column":53}},"24":{"start":{"line":56,"column":4},"end":{"line":56,"column":35}},"25":{"start":{"line":57,"column":4},"end":{"line":57,"column":41}},"26":{"start":{"line":58,"column":4},"end":{"line":58,"column":39}},"27":{"start":{"line":59,"column":4},"end":{"line":59,"column":31}},"28":{"start":{"line":61,"column":4},"end":{"line":61,"column":41}},"29":{"start":{"line":62,"column":4},"end":{"line":62,"column":43}},"30":{"start":{"line":63,"column":4},"end":{"line":63,"column":41}},"31":{"start":{"line":64,"column":4},"end":{"line":64,"column":41}},"32":{"start":{"line":65,"column":4},"end":{"line":65,"column":49}},"33":{"start":{"line":66,"column":4},"end":{"line":66,"column":49}},"34":{"start":{"line":67,"column":4},"end":{"line":67,"column":47}},"35":{"start":{"line":68,"column":4},"end":{"line":68,"column":31}},"36":{"start":{"line":69,"column":4},"end":{"line":69,"column":57}},"37":{"start":{"line":70,"column":4},"end":{"line":70,"column":27}},"38":{"start":{"line":71,"column":4},"end":{"line":71,"column":27}},"39":{"start":{"line":72,"column":4},"end":{"line":72,"column":24}},"40":{"start":{"line":12,"column":0},"end":{"line":12,"column":21}}},"fnMap":{"0":{"name":"(anonymous_1)","decl":{"start":{"line":39,"column":2},"end":{"line":39,"column":21}},"loc":{"start":{"line":53,"column":3},"end":{"line":73,"column":3}}},"1":{"name":"(anonymous_2)","decl":{"start":{"line":75,"column":29},"end":{"line":75,"column":30}},"loc":{"start":{"line":75,"column":56},"end":{"line":84,"column":3}}},"2":{"name":"(anonymous_3)","decl":{"start":{"line":86,"column":25},"end":{"line":86,"column":26}},"loc":{"start":{"line":86,"column":71},"end":{"line":97,"column":3}}},"3":{"name":"(anonymous_4)","decl":{"start":{"line":99,"column":24},"end":{"line":99,"column":25}},"loc":{"start":{"line":99,"column":46},"end":{"line":103,"column":3}}},"4":{"name":"(anonymous_5)","decl":{"start":{"line":105,"column":26},"end":{"line":105,"column":27}},"loc":{"start":{"line":105,"column":50},"end":{"line":109,"column":3}}},"5":{"name":"(anonymous_6)","decl":{"start":{"line":111,"column":24},"end":{"line":111,"column":25}},"loc":{"start":{"line":111,"column":46},"end":{"line":115,"column":3}}},"6":{"name":"(anonymous_7)","decl":{"start":{"line":127,"column":29},"end":{"line":127,"column":30}},"loc":{"start":{"line":127,"column":56},"end":{"line":134,"column":3}}}},"branchMap":{"0":{"loc":{"start":{"line":76,"column":4},"end":{"line":83,"column":null}},"type":"if","locations":[{"start":{"line":76,"column":4},"end":{"line":83,"column":null}}]},"1":{"loc":{"start":{"line":87,"column":4},"end":{"line":96,"column":null}},"type":"if","locations":[{"start":{"line":87,"column":4},"end":{"line":96,"column":null}}]},"2":{"loc":{"start":{"line":88,"column":6},"end":{"line":93,"column":26}},"type":"binary-expr","locations":[{"start":{"line":88,"column":6},"end":{"line":88,"column":16}},{"start":{"line":89,"column":6},"end":{"line":89,"column":15}},{"start":{"line":90,"column":6},"end":{"line":90,"column":26}},{"start":{"line":91,"column":6},"end":{"line":91,"column":25}},{"start":{"line":92,"column":6},"end":{"line":92,"column":27}},{"start":{"line":93,"column":6},"end":{"line":93,"column":26}}]},"3":{"loc":{"start":{"line":100,"column":4},"end":{"line":102,"column":null}},"type":"if","locations":[{"start":{"line":100,"column":4},"end":{"line":102,"column":null}}]},"4":{"loc":{"start":{"line":100,"column":8},"end":{"line":100,"column":32}},"type":"binary-expr","locations":[{"start":{"line":100,"column":8},"end":{"line":100,"column":12}},{"start":{"line":100,"column":16},"end":{"line":100,"column":32}}]},"5":{"loc":{"start":{"line":106,"column":4},"end":{"line":108,"column":null}},"type":"if","locations":[{"start":{"line":106,"column":4},"end":{"line":108,"column":null}}]},"6":{"loc":{"start":{"line":112,"column":4},"end":{"line":114,"column":null}},"type":"if","locations":[{"start":{"line":112,"column":4},"end":{"line":114,"column":null}}]},"7":{"loc":{"start":{"line":131,"column":4},"end":{"line":133,"column":null}},"type":"if","locations":[{"start":{"line":131,"column":4},"end":{"line":133,"column":null}}]},"8":{"loc":{"start":{"line":131,"column":8},"end":{"line":131,"column":42}},"type":"binary-expr","locations":[{"start":{"line":131,"column":8},"end":{"line":131,"column":17}},{"start":{"line":131,"column":21},"end":{"line":131,"column":42}}]}},"s":{"0":2,"1":2,"2":2,"3":20,"4":20,"5":2,"6":20,"7":18,"8":4,"9":20,"10":5,"11":2,"12":20,"13":14,"14":3,"15":20,"16":8,"17":3,"18":20,"19":11,"20":11,"21":3,"22":20,"23":18,"24":14,"25":11,"26":8,"27":5,"28":3,"29":3,"30":3,"31":3,"32":3,"33":3,"34":3,"35":3,"36":3,"37":3,"38":3,"39":3,"40":2},"f":{"0":20,"1":20,"2":18,"3":5,"4":14,"5":8,"6":11},"b":{"0":[2],"1":[4],"2":[18,17,16,15,14,14],"3":[2],"4":[5,4],"5":[3],"6":[3],"7":[3],"8":[11,10]}}
,"/Users/artoriascreative/Artorias/MSCS/5500_fse/tuiter/api/models/users/UserErrorMessages.ts": {"path":"/Users/artoriascreative/Artorias/MSCS/5500_fse/tuiter/api/models/users/UserErrorMessages.ts","statementMap":{"0":{"start":{"line":1,"column":0},"end":{"line":1,"column":null}},"1":{"start":{"line":2,"column":2},"end":{"line":2,"column":null}},"2":{"start":{"line":3,"column":2},"end":{"line":3,"column":null}},"3":{"start":{"line":4,"column":2},"end":{"line":4,"column":null}},"4":{"start":{"line":5,"column":2},"end":{"line":5,"column":null}},"5":{"start":{"line":6,"column":2},"end":{"line":6,"column":null}},"6":{"start":{"line":7,"column":2},"end":{"line":7,"column":null}},"7":{"start":{"line":8,"column":2},"end":{"line":8,"column":null}}},"fnMap":{"0":{"name":"(anonymous_0)","decl":{"start":{"line":1,"column":0},"end":{"line":1,"column":12}},"loc":{"start":{"line":1,"column":29},"end":{"line":9,"column":1}}}},"branchMap":{"0":{"loc":{"start":{"line":1,"column":12},"end":{"line":1,"column":null}},"type":"binary-expr","locations":[{"start":{"line":1,"column":12},"end":{"line":1,"column":29}},{"start":{"line":1,"column":12},"end":{"line":1,"column":null}}]}},"s":{"0":2,"1":2,"2":2,"3":2,"4":2,"5":2,"6":2,"7":2},"f":{"0":2},"b":{"0":[2,2]}}
}
