{"/Users/artoriascreative/Artorias/MSCS/5500_fse/tuiter/api/config/configDatabase.ts": {"path":"/Users/artoriascreative/Artorias/MSCS/5500_fse/tuiter/api/config/configDatabase.ts","statementMap":{"0":{"start":{"line":1,"column":0},"end":{"line":1,"column":32}},"1":{"start":{"line":2,"column":0},"end":{"line":2,"column":31}},"2":{"start":{"line":4,"column":30},"end":{"line":14,"column":1}},"3":{"start":{"line":5,"column":2},"end":{"line":13,"column":7}},"4":{"start":{"line":8,"column":6},"end":{"line":8,"column":47}},"5":{"start":{"line":11,"column":6},"end":{"line":11,"column":51}},"6":{"start":{"line":12,"column":6},"end":{"line":12,"column":14}},"7":{"start":{"line":4,"column":13},"end":{"line":4,"column":30}},"8":{"start":{"line":16,"column":0},"end":{"line":16,"column":30}}},"fnMap":{"0":{"name":"(anonymous_1)","decl":{"start":{"line":4,"column":30},"end":{"line":4,"column":31}},"loc":{"start":{"line":4,"column":46},"end":{"line":14,"column":1}}},"1":{"name":"(anonymous_2)","decl":{"start":{"line":7,"column":10},"end":{"line":7,"column":13}},"loc":{"start":{"line":7,"column":15},"end":{"line":9,"column":5}}},"2":{"name":"(anonymous_3)","decl":{"start":{"line":10,"column":11},"end":{"line":10,"column":12}},"loc":{"start":{"line":10,"column":19},"end":{"line":13,"column":5}}}},"branchMap":{},"s":{"0":2,"1":2,"2":2,"3":2,"4":2,"5":0,"6":0,"7":2,"8":2},"f":{"0":2,"1":2,"2":0},"b":{}}
,"/Users/artoriascreative/Artorias/MSCS/5500_fse/tuiter/api/controllers/shared/HttpStatusCode.ts": {"path":"/Users/artoriascreative/Artorias/MSCS/5500_fse/tuiter/api/controllers/shared/HttpStatusCode.ts","statementMap":{"0":{"start":{"line":6,"column":0},"end":{"line":6,"column":null}},"1":{"start":{"line":7,"column":2},"end":{"line":7,"column":null}},"2":{"start":{"line":8,"column":2},"end":{"line":8,"column":null}},"3":{"start":{"line":9,"column":2},"end":{"line":9,"column":null}},"4":{"start":{"line":10,"column":2},"end":{"line":10,"column":null}},"5":{"start":{"line":11,"column":2},"end":{"line":11,"column":null}},"6":{"start":{"line":12,"column":2},"end":{"line":12,"column":null}}},"fnMap":{"0":{"name":"(anonymous_0)","decl":{"start":{"line":6,"column":0},"end":{"line":6,"column":12}},"loc":{"start":{"line":6,"column":26},"end":{"line":13,"column":1}}}},"branchMap":{"0":{"loc":{"start":{"line":6,"column":12},"end":{"line":6,"column":null}},"type":"binary-expr","locations":[{"start":{"line":6,"column":12},"end":{"line":6,"column":26}},{"start":{"line":6,"column":12},"end":{"line":6,"column":null}}]}},"s":{"0":4,"1":4,"2":4,"3":4,"4":4,"5":4,"6":4},"f":{"0":4},"b":{"0":[4,4]}}
,"/Users/artoriascreative/Artorias/MSCS/5500_fse/tuiter/api/controllers/shared/adaptRequest.ts": {"path":"/Users/artoriascreative/Artorias/MSCS/5500_fse/tuiter/api/controllers/shared/adaptRequest.ts","statementMap":{"0":{"start":{"line":4,"column":0},"end":{"line":4,"column":50}},"1":{"start":{"line":6,"column":2},"end":{"line":19,"column":4}},"2":{"start":{"line":7,"column":2},"end":{"line":19,"column":4}},"3":{"start":{"line":7,"column":60},"end":{"line":19,"column":4}},"4":{"start":{"line":8,"column":33},"end":{"line":12,"column":6}},"5":{"start":{"line":13,"column":4},"end":{"line":18,"column":null}},"6":{"start":{"line":14,"column":37},"end":{"line":14,"column":68}},"7":{"start":{"line":15,"column":6},"end":{"line":15,"column":51}},"8":{"start":{"line":17,"column":6},"end":{"line":17,"column":13}},"9":{"start":{"line":21,"column":9},"end":{"line":21,"column":21}}},"fnMap":{"0":{"name":"(anonymous_7)","decl":{"start":{"line":6,"column":2},"end":{"line":6,"column":3}},"loc":{"start":{"line":7,"column":2},"end":{"line":19,"column":4}}},"1":{"name":"(anonymous_8)","decl":{"start":{"line":7,"column":2},"end":{"line":7,"column":9}},"loc":{"start":{"line":7,"column":60},"end":{"line":19,"column":4}}},"2":{"name":"(anonymous_9)","decl":{"start":{"line":7,"column":60},"end":{"line":7,"column":null}},"loc":{"start":{"line":7,"column":60},"end":{"line":19,"column":3}}}},"branchMap":{},"s":{"0":1,"1":1,"2":5,"3":0,"4":0,"5":0,"6":0,"7":0,"8":0,"9":1},"f":{"0":5,"1":0,"2":0},"b":{}}
,"/Users/artoriascreative/Artorias/MSCS/5500_fse/tuiter/api/controllers/shared/createResponse.ts": {"path":"/Users/artoriascreative/Artorias/MSCS/5500_fse/tuiter/api/controllers/shared/createResponse.ts","statementMap":{"0":{"start":{"line":2,"column":0},"end":{"line":2,"column":50}},"1":{"start":{"line":4,"column":32},"end":{"line":7,"column":2}},"2":{"start":{"line":4,"column":63},"end":{"line":7,"column":2}},"3":{"start":{"line":4,"column":13},"end":{"line":4,"column":32}},"4":{"start":{"line":9,"column":42},"end":{"line":12,"column":2}},"5":{"start":{"line":9,"column":73},"end":{"line":12,"column":2}},"6":{"start":{"line":9,"column":13},"end":{"line":9,"column":42}}},"fnMap":{"0":{"name":"(anonymous_0)","decl":{"start":{"line":4,"column":32},"end":{"line":4,"column":36}},"loc":{"start":{"line":4,"column":63},"end":{"line":7,"column":2}}},"1":{"name":"(anonymous_1)","decl":{"start":{"line":9,"column":42},"end":{"line":9,"column":46}},"loc":{"start":{"line":9,"column":73},"end":{"line":12,"column":2}}}},"branchMap":{},"s":{"0":1,"1":1,"2":5,"3":1,"4":1,"5":0,"6":1},"f":{"0":5,"1":0},"b":{}}
,"/Users/artoriascreative/Artorias/MSCS/5500_fse/tuiter/api/controllers/users/UserController.ts": {"path":"/Users/artoriascreative/Artorias/MSCS/5500_fse/tuiter/api/controllers/users/UserController.ts","statementMap":{"0":{"start":{"line":6,"column":0},"end":{"line":6,"column":43}},"1":{"start":{"line":7,"column":0},"end":{"line":7,"column":60}},"2":{"start":{"line":8,"column":0},"end":{"line":8,"column":42}},"3":{"start":{"line":9,"column":0},"end":{"line":9,"column":54}},"4":{"start":{"line":39,"column":2},"end":{"line":42,"column":4}},"5":{"start":{"line":39,"column":46},"end":{"line":42,"column":4}},"6":{"start":{"line":40,"column":30},"end":{"line":40,"column":54}},"7":{"start":{"line":41,"column":4},"end":{"line":41,"column":38}},"8":{"start":{"line":49,"column":2},"end":{"line":52,"column":4}},"9":{"start":{"line":49,"column":63},"end":{"line":52,"column":4}},"10":{"start":{"line":50,"column":26},"end":{"line":50,"column":68}},"11":{"start":{"line":51,"column":4},"end":{"line":51,"column":36}},"12":{"start":{"line":59,"column":2},"end":{"line":63,"column":4}},"13":{"start":{"line":59,"column":61},"end":{"line":63,"column":4}},"14":{"start":{"line":60,"column":33},"end":{"line":60,"column":58}},"15":{"start":{"line":61,"column":19},"end":{"line":61,"column":55}},"16":{"start":{"line":62,"column":4},"end":{"line":62,"column":36}},"17":{"start":{"line":70,"column":2},"end":{"line":75,"column":4}},"18":{"start":{"line":70,"column":61},"end":{"line":75,"column":4}},"19":{"start":{"line":71,"column":4},"end":{"line":71,"column":20}},"20":{"start":{"line":72,"column":33},"end":{"line":72,"column":58}},"21":{"start":{"line":73,"column":24},"end":{"line":73,"column":79}},"22":{"start":{"line":74,"column":4},"end":{"line":74,"column":41}},"23":{"start":{"line":82,"column":2},"end":{"line":85,"column":4}},"24":{"start":{"line":82,"column":61},"end":{"line":85,"column":4}},"25":{"start":{"line":83,"column":31},"end":{"line":83,"column":71}},"26":{"start":{"line":84,"column":4},"end":{"line":84,"column":41}},"27":{"start":{"line":23,"column":4},"end":{"line":23,"column":19}},"28":{"start":{"line":24,"column":19},"end":{"line":24,"column":27}},"29":{"start":{"line":25,"column":4},"end":{"line":25,"column":48}},"30":{"start":{"line":26,"column":4},"end":{"line":26,"column":48}},"31":{"start":{"line":27,"column":4},"end":{"line":27,"column":56}},"32":{"start":{"line":28,"column":4},"end":{"line":28,"column":54}},"33":{"start":{"line":29,"column":4},"end":{"line":29,"column":57}},"34":{"start":{"line":30,"column":4},"end":{"line":30,"column":26}},"35":{"start":{"line":31,"column":4},"end":{"line":31,"column":24}},"36":{"start":{"line":14,"column":0},"end":{"line":14,"column":13}}},"fnMap":{"0":{"name":"(anonymous_8)","decl":{"start":{"line":22,"column":2},"end":{"line":22,"column":21}},"loc":{"start":{"line":22,"column":65},"end":{"line":32,"column":3}}},"1":{"name":"(anonymous_9)","decl":{"start":{"line":39,"column":12},"end":{"line":39,"column":44}},"loc":{"start":{"line":39,"column":46},"end":{"line":42,"column":4}}},"2":{"name":"(anonymous_10)","decl":{"start":{"line":39,"column":46},"end":{"line":39,"column":null}},"loc":{"start":{"line":39,"column":46},"end":{"line":42,"column":3}}},"3":{"name":"(anonymous_11)","decl":{"start":{"line":49,"column":13},"end":{"line":49,"column":20}},"loc":{"start":{"line":49,"column":63},"end":{"line":52,"column":4}}},"4":{"name":"(anonymous_12)","decl":{"start":{"line":49,"column":63},"end":{"line":49,"column":null}},"loc":{"start":{"line":49,"column":63},"end":{"line":52,"column":3}}},"5":{"name":"(anonymous_13)","decl":{"start":{"line":59,"column":11},"end":{"line":59,"column":18}},"loc":{"start":{"line":59,"column":61},"end":{"line":63,"column":4}}},"6":{"name":"(anonymous_14)","decl":{"start":{"line":59,"column":61},"end":{"line":59,"column":null}},"loc":{"start":{"line":59,"column":61},"end":{"line":63,"column":3}}},"7":{"name":"(anonymous_15)","decl":{"start":{"line":70,"column":11},"end":{"line":70,"column":18}},"loc":{"start":{"line":70,"column":61},"end":{"line":75,"column":4}}},"8":{"name":"(anonymous_16)","decl":{"start":{"line":70,"column":61},"end":{"line":70,"column":null}},"loc":{"start":{"line":70,"column":61},"end":{"line":75,"column":3}}},"9":{"name":"(anonymous_17)","decl":{"start":{"line":82,"column":11},"end":{"line":82,"column":18}},"loc":{"start":{"line":82,"column":61},"end":{"line":85,"column":4}}},"10":{"name":"(anonymous_18)","decl":{"start":{"line":82,"column":61},"end":{"line":82,"column":null}},"loc":{"start":{"line":82,"column":61},"end":{"line":85,"column":3}}}},"branchMap":{},"s":{"0":1,"1":1,"2":1,"3":1,"4":1,"5":1,"6":1,"7":1,"8":1,"9":1,"10":1,"11":1,"12":1,"13":1,"14":1,"15":1,"16":1,"17":1,"18":1,"19":1,"20":1,"21":1,"22":1,"23":1,"24":1,"25":1,"26":1,"27":1,"28":1,"29":1,"30":1,"31":1,"32":1,"33":1,"34":1,"35":1,"36":1},"f":{"0":1,"1":1,"2":1,"3":1,"4":1,"5":1,"6":1,"7":1,"8":1,"9":1,"10":1},"b":{}}
,"/Users/artoriascreative/Artorias/MSCS/5500_fse/tuiter/api/daos/tuits/TuitDao.ts": {"path":"/Users/artoriascreative/Artorias/MSCS/5500_fse/tuiter/api/daos/tuits/TuitDao.ts","statementMap":{"0":{"start":{"line":5,"column":0},"end":{"line":5,"column":48}},"1":{"start":{"line":7,"column":0},"end":{"line":7,"column":43}},"2":{"start":{"line":8,"column":0},"end":{"line":8,"column":61}},"3":{"start":{"line":39,"column":2},"end":{"line":54,"column":4}},"4":{"start":{"line":39,"column":58},"end":{"line":54,"column":4}},"5":{"start":{"line":40,"column":4},"end":{"line":53,"column":null}},"6":{"start":{"line":41,"column":20},"end":{"line":43,"column":27}},"7":{"start":{"line":44,"column":6},"end":{"line":47,"column":8}},"8":{"start":{"line":49,"column":6},"end":{"line":52,"column":8}},"9":{"start":{"line":60,"column":2},"end":{"line":69,"column":4}},"10":{"start":{"line":60,"column":41},"end":{"line":69,"column":4}},"11":{"start":{"line":61,"column":4},"end":{"line":68,"column":null}},"12":{"start":{"line":62,"column":6},"end":{"line":62,"column":60}},"13":{"start":{"line":64,"column":6},"end":{"line":67,"column":8}},"14":{"start":{"line":76,"column":2},"end":{"line":89,"column":4}},"15":{"start":{"line":76,"column":54},"end":{"line":89,"column":4}},"16":{"start":{"line":77,"column":4},"end":{"line":88,"column":null}},"17":{"start":{"line":78,"column":19},"end":{"line":78,"column":75}},"18":{"start":{"line":79,"column":6},"end":{"line":82,"column":8}},"19":{"start":{"line":84,"column":6},"end":{"line":87,"column":8}},"20":{"start":{"line":96,"column":2},"end":{"line":119,"column":4}},"21":{"start":{"line":96,"column":53},"end":{"line":119,"column":4}},"22":{"start":{"line":97,"column":4},"end":{"line":118,"column":null}},"23":{"start":{"line":99,"column":41},"end":{"line":100,"column":null}},"24":{"start":{"line":102,"column":6},"end":{"line":112,"column":null}},"25":{"start":{"line":103,"column":8},"end":{"line":103,"column":64}},"26":{"start":{"line":106,"column":37},"end":{"line":106,"column":74}},"27":{"start":{"line":107,"column":24},"end":{"line":109,"column":28}},"28":{"start":{"line":111,"column":8},"end":{"line":111,"column":23}},"29":{"start":{"line":114,"column":6},"end":{"line":117,"column":8}},"30":{"start":{"line":127,"column":2},"end":{"line":146,"column":4}},"31":{"start":{"line":127,"column":65},"end":{"line":146,"column":4}},"32":{"start":{"line":128,"column":4},"end":{"line":145,"column":null}},"33":{"start":{"line":129,"column":40},"end":{"line":134,"column":null}},"34":{"start":{"line":136,"column":6},"end":{"line":139,"column":8}},"35":{"start":{"line":141,"column":6},"end":{"line":144,"column":8}},"36":{"start":{"line":153,"column":2},"end":{"line":167,"column":4}},"37":{"start":{"line":153,"column":52},"end":{"line":167,"column":4}},"38":{"start":{"line":154,"column":4},"end":{"line":166,"column":null}},"39":{"start":{"line":155,"column":27},"end":{"line":155,"column":64}},"40":{"start":{"line":156,"column":6},"end":{"line":156,"column":35}},"41":{"start":{"line":157,"column":6},"end":{"line":160,"column":8}},"42":{"start":{"line":162,"column":6},"end":{"line":165,"column":8}},"43":{"start":{"line":28,"column":4},"end":{"line":28,"column":31}},"44":{"start":{"line":29,"column":4},"end":{"line":29,"column":31}},"45":{"start":{"line":30,"column":4},"end":{"line":30,"column":37}},"46":{"start":{"line":31,"column":4},"end":{"line":31,"column":24}},"47":{"start":{"line":13,"column":0},"end":{"line":13,"column":21}}},"fnMap":{"0":{"name":"(anonymous_8)","decl":{"start":{"line":23,"column":2},"end":{"line":23,"column":null}},"loc":{"start":{"line":26,"column":31},"end":{"line":32,"column":3}}},"1":{"name":"(anonymous_9)","decl":{"start":{"line":39,"column":15},"end":{"line":39,"column":22}},"loc":{"start":{"line":39,"column":58},"end":{"line":54,"column":4}}},"2":{"name":"(anonymous_10)","decl":{"start":{"line":39,"column":58},"end":{"line":39,"column":null}},"loc":{"start":{"line":39,"column":58},"end":{"line":54,"column":3}}},"3":{"name":"(anonymous_11)","decl":{"start":{"line":60,"column":12},"end":{"line":60,"column":39}},"loc":{"start":{"line":60,"column":41},"end":{"line":69,"column":4}}},"4":{"name":"(anonymous_12)","decl":{"start":{"line":60,"column":41},"end":{"line":60,"column":null}},"loc":{"start":{"line":60,"column":41},"end":{"line":69,"column":3}}},"5":{"name":"(anonymous_13)","decl":{"start":{"line":76,"column":13},"end":{"line":76,"column":20}},"loc":{"start":{"line":76,"column":54},"end":{"line":89,"column":4}}},"6":{"name":"(anonymous_14)","decl":{"start":{"line":76,"column":54},"end":{"line":76,"column":null}},"loc":{"start":{"line":76,"column":54},"end":{"line":89,"column":3}}},"7":{"name":"(anonymous_15)","decl":{"start":{"line":96,"column":11},"end":{"line":96,"column":18}},"loc":{"start":{"line":96,"column":53},"end":{"line":119,"column":4}}},"8":{"name":"(anonymous_16)","decl":{"start":{"line":96,"column":53},"end":{"line":96,"column":null}},"loc":{"start":{"line":96,"column":53},"end":{"line":119,"column":3}}},"9":{"name":"(anonymous_17)","decl":{"start":{"line":127,"column":11},"end":{"line":127,"column":18}},"loc":{"start":{"line":127,"column":65},"end":{"line":146,"column":4}}},"10":{"name":"(anonymous_18)","decl":{"start":{"line":127,"column":65},"end":{"line":127,"column":null}},"loc":{"start":{"line":127,"column":65},"end":{"line":146,"column":3}}},"11":{"name":"(anonymous_19)","decl":{"start":{"line":153,"column":11},"end":{"line":153,"column":18}},"loc":{"start":{"line":153,"column":52},"end":{"line":167,"column":4}}},"12":{"name":"(anonymous_20)","decl":{"start":{"line":153,"column":52},"end":{"line":153,"column":null}},"loc":{"start":{"line":153,"column":52},"end":{"line":167,"column":3}}}},"branchMap":{"0":{"loc":{"start":{"line":102,"column":6},"end":{"line":112,"column":null}},"type":"if","locations":[{"start":{"line":102,"column":6},"end":{"line":112,"column":null}},{"start":{"line":104,"column":13},"end":{"line":112,"column":null}}]},"1":{"loc":{"start":{"line":156,"column":12},"end":{"line":156,"column":34}},"type":"cond-expr","locations":[{"start":{"line":156,"column":24},"end":{"line":156,"column":26}},{"start":{"line":156,"column":12},"end":{"line":156,"column":34}}]},"2":{"loc":{"start":{"line":156,"column":12},"end":{"line":156,"column":26}},"type":"binary-expr","locations":[{"start":{"line":156,"column":12},"end":{"line":156,"column":26}},{"start":{"line":156,"column":12},"end":{"line":156,"column":26}}]}},"s":{"0":1,"1":1,"2":1,"3":1,"4":1,"5":1,"6":1,"7":1,"8":0,"9":1,"10":1,"11":1,"12":1,"13":0,"14":1,"15":1,"16":1,"17":1,"18":1,"19":0,"20":1,"21":5,"22":5,"23":5,"24":5,"25":0,"26":5,"27":5,"28":5,"29":0,"30":1,"31":1,"32":1,"33":1,"34":1,"35":0,"36":1,"37":1,"38":1,"39":1,"40":1,"41":1,"42":0,"43":1,"44":1,"45":1,"46":1,"47":1},"f":{"0":1,"1":1,"2":1,"3":1,"4":1,"5":1,"6":1,"7":5,"8":5,"9":1,"10":1,"11":1,"12":1},"b":{"0":[0,5],"1":[0,1],"2":[1,1]}}
,"/Users/artoriascreative/Artorias/MSCS/5500_fse/tuiter/api/daos/tuits/TuitDaoErrors.ts": {"path":"/Users/artoriascreative/Artorias/MSCS/5500_fse/tuiter/api/daos/tuits/TuitDaoErrors.ts","statementMap":{"0":{"start":{"line":6,"column":0},"end":{"line":6,"column":null}},"1":{"start":{"line":7,"column":2},"end":{"line":7,"column":null}},"2":{"start":{"line":8,"column":2},"end":{"line":8,"column":null}},"3":{"start":{"line":9,"column":2},"end":{"line":9,"column":null}},"4":{"start":{"line":10,"column":2},"end":{"line":10,"column":null}},"5":{"start":{"line":11,"column":2},"end":{"line":11,"column":null}},"6":{"start":{"line":12,"column":2},"end":{"line":12,"column":null}}},"fnMap":{"0":{"name":"(anonymous_0)","decl":{"start":{"line":6,"column":0},"end":{"line":6,"column":12}},"loc":{"start":{"line":6,"column":25},"end":{"line":13,"column":1}}}},"branchMap":{"0":{"loc":{"start":{"line":6,"column":12},"end":{"line":6,"column":null}},"type":"binary-expr","locations":[{"start":{"line":6,"column":12},"end":{"line":6,"column":25}},{"start":{"line":6,"column":12},"end":{"line":6,"column":null}}]}},"s":{"0":1,"1":1,"2":1,"3":1,"4":1,"5":1,"6":1},"f":{"0":1},"b":{"0":[1,1]}}
,"/Users/artoriascreative/Artorias/MSCS/5500_fse/tuiter/api/daos/users/UserDao.ts": {"path":"/Users/artoriascreative/Artorias/MSCS/5500_fse/tuiter/api/daos/users/UserDao.ts","statementMap":{"0":{"start":{"line":2,"column":0},"end":{"line":2,"column":48}},"1":{"start":{"line":30,"column":2},"end":{"line":43,"column":4}},"2":{"start":{"line":30,"column":41},"end":{"line":43,"column":4}},"3":{"start":{"line":31,"column":4},"end":{"line":42,"column":null}},"4":{"start":{"line":32,"column":22},"end":{"line":32,"column":52}},"5":{"start":{"line":33,"column":6},"end":{"line":36,"column":8}},"6":{"start":{"line":38,"column":6},"end":{"line":41,"column":8}},"7":{"start":{"line":50,"column":2},"end":{"line":63,"column":4}},"8":{"start":{"line":50,"column":51},"end":{"line":63,"column":4}},"9":{"start":{"line":51,"column":4},"end":{"line":62,"column":null}},"10":{"start":{"line":52,"column":35},"end":{"line":52,"column":65}},"11":{"start":{"line":53,"column":6},"end":{"line":56,"column":8}},"12":{"start":{"line":58,"column":6},"end":{"line":61,"column":8}},"13":{"start":{"line":70,"column":2},"end":{"line":91,"column":4}},"14":{"start":{"line":70,"column":49},"end":{"line":91,"column":4}},"15":{"start":{"line":71,"column":4},"end":{"line":90,"column":null}},"16":{"start":{"line":72,"column":36},"end":{"line":78,"column":null}},"17":{"start":{"line":80,"column":6},"end":{"line":80,"column":27}},"18":{"start":{"line":81,"column":6},"end":{"line":84,"column":8}},"19":{"start":{"line":86,"column":6},"end":{"line":89,"column":8}},"20":{"start":{"line":99,"column":2},"end":{"line":118,"column":4}},"21":{"start":{"line":99,"column":62},"end":{"line":118,"column":4}},"22":{"start":{"line":100,"column":4},"end":{"line":117,"column":null}},"23":{"start":{"line":101,"column":40},"end":{"line":106,"column":null}},"24":{"start":{"line":108,"column":6},"end":{"line":111,"column":8}},"25":{"start":{"line":113,"column":6},"end":{"line":116,"column":8}},"26":{"start":{"line":125,"column":2},"end":{"line":138,"column":4}},"27":{"start":{"line":125,"column":49},"end":{"line":138,"column":4}},"28":{"start":{"line":126,"column":4},"end":{"line":137,"column":null}},"29":{"start":{"line":127,"column":40},"end":{"line":127,"column":79}},"30":{"start":{"line":128,"column":6},"end":{"line":131,"column":8}},"31":{"start":{"line":133,"column":6},"end":{"line":136,"column":8}},"32":{"start":{"line":21,"column":4},"end":{"line":21,"column":23}},"33":{"start":{"line":22,"column":4},"end":{"line":22,"column":37}},"34":{"start":{"line":23,"column":4},"end":{"line":23,"column":24}},"35":{"start":{"line":11,"column":0},"end":{"line":11,"column":21}}},"fnMap":{"0":{"name":"(anonymous_7)","decl":{"start":{"line":20,"column":2},"end":{"line":20,"column":14}},"loc":{"start":{"line":20,"column":62},"end":{"line":24,"column":3}}},"1":{"name":"(anonymous_8)","decl":{"start":{"line":30,"column":12},"end":{"line":30,"column":39}},"loc":{"start":{"line":30,"column":41},"end":{"line":43,"column":4}}},"2":{"name":"(anonymous_9)","decl":{"start":{"line":30,"column":41},"end":{"line":30,"column":null}},"loc":{"start":{"line":30,"column":41},"end":{"line":43,"column":3}}},"3":{"name":"(anonymous_10)","decl":{"start":{"line":50,"column":13},"end":{"line":50,"column":20}},"loc":{"start":{"line":50,"column":51},"end":{"line":63,"column":4}}},"4":{"name":"(anonymous_11)","decl":{"start":{"line":50,"column":51},"end":{"line":50,"column":null}},"loc":{"start":{"line":50,"column":51},"end":{"line":63,"column":3}}},"5":{"name":"(anonymous_12)","decl":{"start":{"line":70,"column":11},"end":{"line":70,"column":18}},"loc":{"start":{"line":70,"column":49},"end":{"line":91,"column":4}}},"6":{"name":"(anonymous_13)","decl":{"start":{"line":70,"column":49},"end":{"line":70,"column":null}},"loc":{"start":{"line":70,"column":49},"end":{"line":91,"column":3}}},"7":{"name":"(anonymous_14)","decl":{"start":{"line":99,"column":11},"end":{"line":99,"column":18}},"loc":{"start":{"line":99,"column":62},"end":{"line":118,"column":4}}},"8":{"name":"(anonymous_15)","decl":{"start":{"line":99,"column":62},"end":{"line":99,"column":null}},"loc":{"start":{"line":99,"column":62},"end":{"line":118,"column":3}}},"9":{"name":"(anonymous_16)","decl":{"start":{"line":125,"column":11},"end":{"line":125,"column":18}},"loc":{"start":{"line":125,"column":49},"end":{"line":138,"column":4}}},"10":{"name":"(anonymous_17)","decl":{"start":{"line":125,"column":49},"end":{"line":125,"column":null}},"loc":{"start":{"line":125,"column":49},"end":{"line":138,"column":3}}}},"branchMap":{},"s":{"0":2,"1":2,"2":1,"3":1,"4":1,"5":1,"6":0,"7":2,"8":1,"9":1,"10":1,"11":1,"12":0,"13":2,"14":3,"15":3,"16":3,"17":3,"18":3,"19":0,"20":2,"21":1,"22":1,"23":1,"24":1,"25":0,"26":2,"27":1,"28":1,"29":1,"30":1,"31":0,"32":2,"33":2,"34":2,"35":2},"f":{"0":2,"1":1,"2":1,"3":1,"4":1,"5":3,"6":3,"7":1,"8":1,"9":1,"10":1},"b":{}}
,"/Users/artoriascreative/Artorias/MSCS/5500_fse/tuiter/api/daos/users/UserDaoErrors.ts": {"path":"/Users/artoriascreative/Artorias/MSCS/5500_fse/tuiter/api/daos/users/UserDaoErrors.ts","statementMap":{"0":{"start":{"line":6,"column":0},"end":{"line":6,"column":null}},"1":{"start":{"line":7,"column":2},"end":{"line":7,"column":null}},"2":{"start":{"line":8,"column":2},"end":{"line":8,"column":null}},"3":{"start":{"line":9,"column":2},"end":{"line":9,"column":null}},"4":{"start":{"line":10,"column":2},"end":{"line":10,"column":null}},"5":{"start":{"line":11,"column":2},"end":{"line":11,"column":null}},"6":{"start":{"line":12,"column":2},"end":{"line":12,"column":null}},"7":{"start":{"line":13,"column":2},"end":{"line":13,"column":null}},"8":{"start":{"line":14,"column":2},"end":{"line":14,"column":null}},"9":{"start":{"line":15,"column":2},"end":{"line":15,"column":null}},"10":{"start":{"line":16,"column":2},"end":{"line":16,"column":null}},"11":{"start":{"line":17,"column":2},"end":{"line":17,"column":null}},"12":{"start":{"line":18,"column":2},"end":{"line":18,"column":null}}},"fnMap":{"0":{"name":"(anonymous_0)","decl":{"start":{"line":6,"column":0},"end":{"line":6,"column":12}},"loc":{"start":{"line":6,"column":25},"end":{"line":19,"column":1}}}},"branchMap":{"0":{"loc":{"start":{"line":6,"column":12},"end":{"line":6,"column":null}},"type":"binary-expr","locations":[{"start":{"line":6,"column":12},"end":{"line":6,"column":25}},{"start":{"line":6,"column":12},"end":{"line":6,"column":null}}]}},"s":{"0":2,"1":2,"2":2,"3":2,"4":2,"5":2,"6":2,"7":2,"8":2,"9":2,"10":2,"11":2,"12":2},"f":{"0":2},"b":{"0":[2,2]}}
,"/Users/artoriascreative/Artorias/MSCS/5500_fse/tuiter/api/errors/BaseError.ts": {"path":"/Users/artoriascreative/Artorias/MSCS/5500_fse/tuiter/api/errors/BaseError.ts","statementMap":{"0":{"start":{"line":7,"column":4},"end":{"line":7,"column":19}},"1":{"start":{"line":4,"column":18},"end":{"line":4,"column":48}},"2":{"start":{"line":8,"column":4},"end":{"line":8,"column":54}},"3":{"start":{"line":9,"column":4},"end":{"line":9,"column":34}},"4":{"start":{"line":11,"column":4},"end":{"line":13,"column":null}},"5":{"start":{"line":12,"column":6},"end":{"line":12,"column":79}},"6":{"start":{"line":3,"column":0},"end":{"line":3,"column":30}}},"fnMap":{"0":{"name":"(anonymous_0)","decl":{"start":{"line":6,"column":2},"end":{"line":6,"column":14}},"loc":{"start":{"line":6,"column":44},"end":{"line":14,"column":3}}}},"branchMap":{"0":{"loc":{"start":{"line":11,"column":4},"end":{"line":13,"column":null}},"type":"if","locations":[{"start":{"line":11,"column":4},"end":{"line":13,"column":null}}]}},"s":{"0":17,"1":17,"2":17,"3":17,"4":17,"5":0,"6":4},"f":{"0":17},"b":{"0":[0]}}
,"/Users/artoriascreative/Artorias/MSCS/5500_fse/tuiter/api/errors/DaoDatabseException.ts": {"path":"/Users/artoriascreative/Artorias/MSCS/5500_fse/tuiter/api/errors/DaoDatabseException.ts","statementMap":{"0":{"start":{"line":1,"column":0},"end":{"line":1,"column":70}},"1":{"start":{"line":2,"column":0},"end":{"line":2,"column":36}},"2":{"start":{"line":8,"column":4},"end":{"line":8,"column":26}},"3":{"start":{"line":9,"column":4},"end":{"line":9,"column":45}},"4":{"start":{"line":10,"column":4},"end":{"line":10,"column":24}},"5":{"start":{"line":4,"column":0},"end":{"line":4,"column":21}}},"fnMap":{"0":{"name":"(anonymous_1)","decl":{"start":{"line":7,"column":2},"end":{"line":7,"column":14}},"loc":{"start":{"line":7,"column":46},"end":{"line":11,"column":3}}}},"branchMap":{},"s":{"0":2,"1":2,"2":0,"3":0,"4":0,"5":2},"f":{"0":0},"b":{}}
,"/Users/artoriascreative/Artorias/MSCS/5500_fse/tuiter/api/errors/DaoErrorHandler.ts": {"path":"/Users/artoriascreative/Artorias/MSCS/5500_fse/tuiter/api/errors/DaoErrorHandler.ts","statementMap":{"0":{"start":{"line":2,"column":0},"end":{"line":2,"column":36}},"1":{"start":{"line":3,"column":0},"end":{"line":3,"column":57}},"2":{"start":{"line":4,"column":0},"end":{"line":4,"column":50}},"3":{"start":{"line":22,"column":9},"end":{"line":32,"column":4}},"4":{"start":{"line":27,"column":4},"end":{"line":31,"column":null}},"5":{"start":{"line":28,"column":6},"end":{"line":28,"column":17}},"6":{"start":{"line":30,"column":6},"end":{"line":30,"column":52}},"7":{"start":{"line":40,"column":9},"end":{"line":45,"column":4}},"8":{"start":{"line":41,"column":4},"end":{"line":43,"column":null}},"9":{"start":{"line":42,"column":6},"end":{"line":42,"column":42}},"10":{"start":{"line":44,"column":4},"end":{"line":44,"column":18}},"11":{"start":{"line":13,"column":4},"end":{"line":13,"column":24}},"12":{"start":{"line":11,"column":0},"end":{"line":11,"column":21}}},"fnMap":{"0":{"name":"(anonymous_1)","decl":{"start":{"line":12,"column":2},"end":{"line":12,"column":null}},"loc":{"start":{"line":12,"column":2},"end":{"line":14,"column":3}}},"1":{"name":"(anonymous_2)","decl":{"start":{"line":22,"column":23},"end":{"line":22,"column":null}},"loc":{"start":{"line":26,"column":14},"end":{"line":32,"column":3}}},"2":{"name":"(anonymous_3)","decl":{"start":{"line":40,"column":33},"end":{"line":40,"column":37}},"loc":{"start":{"line":40,"column":77},"end":{"line":45,"column":3}}}},"branchMap":{"0":{"loc":{"start":{"line":27,"column":4},"end":{"line":31,"column":null}},"type":"if","locations":[{"start":{"line":27,"column":4},"end":{"line":31,"column":null}},{"start":{"line":29,"column":11},"end":{"line":31,"column":null}}]},"1":{"loc":{"start":{"line":41,"column":4},"end":{"line":43,"column":null}},"type":"if","locations":[{"start":{"line":41,"column":4},"end":{"line":43,"column":null}}]}},"s":{"0":2,"1":2,"2":2,"3":3,"4":0,"5":0,"6":0,"7":3,"8":11,"9":0,"10":11,"11":3,"12":2},"f":{"0":3,"1":0,"2":11},"b":{"0":[0,0],"1":[0]}}
,"/Users/artoriascreative/Artorias/MSCS/5500_fse/tuiter/api/errors/DaoNullException.ts": {"path":"/Users/artoriascreative/Artorias/MSCS/5500_fse/tuiter/api/errors/DaoNullException.ts","statementMap":{"0":{"start":{"line":1,"column":0},"end":{"line":1,"column":70}},"1":{"start":{"line":2,"column":0},"end":{"line":2,"column":36}},"2":{"start":{"line":7,"column":4},"end":{"line":7,"column":19}},"3":{"start":{"line":5,"column":9},"end":{"line":5,"column":40}},"4":{"start":{"line":8,"column":4},"end":{"line":8,"column":24}},"5":{"start":{"line":4,"column":0},"end":{"line":4,"column":21}}},"fnMap":{"0":{"name":"(anonymous_1)","decl":{"start":{"line":6,"column":2},"end":{"line":6,"column":14}},"loc":{"start":{"line":6,"column":29},"end":{"line":9,"column":3}}}},"branchMap":{},"s":{"0":2,"1":2,"2":0,"3":0,"4":0,"5":2},"f":{"0":0},"b":{}}
,"/Users/artoriascreative/Artorias/MSCS/5500_fse/tuiter/api/errors/InvalidEntityException.ts": {"path":"/Users/artoriascreative/Artorias/MSCS/5500_fse/tuiter/api/errors/InvalidEntityException.ts","statementMap":{"0":{"start":{"line":1,"column":0},"end":{"line":1,"column":70}},"1":{"start":{"line":2,"column":0},"end":{"line":2,"column":36}},"2":{"start":{"line":8,"column":4},"end":{"line":8,"column":19}},"3":{"start":{"line":9,"column":4},"end":{"line":9,"column":42}},"4":{"start":{"line":10,"column":4},"end":{"line":10,"column":24}},"5":{"start":{"line":4,"column":0},"end":{"line":4,"column":21}}},"fnMap":{"0":{"name":"(anonymous_1)","decl":{"start":{"line":7,"column":2},"end":{"line":7,"column":14}},"loc":{"start":{"line":7,"column":29},"end":{"line":11,"column":3}}}},"branchMap":{},"s":{"0":3,"1":3,"2":17,"3":17,"4":17,"5":3},"f":{"0":17},"b":{}}
,"/Users/artoriascreative/Artorias/MSCS/5500_fse/tuiter/api/errors/MongooseException.ts": {"path":"/Users/artoriascreative/Artorias/MSCS/5500_fse/tuiter/api/errors/MongooseException.ts","statementMap":{"0":{"start":{"line":1,"column":0},"end":{"line":1,"column":70}},"1":{"start":{"line":2,"column":0},"end":{"line":2,"column":36}},"2":{"start":{"line":8,"column":4},"end":{"line":8,"column":55}},"3":{"start":{"line":9,"column":4},"end":{"line":9,"column":26}},"4":{"start":{"line":10,"column":4},"end":{"line":10,"column":45}},"5":{"start":{"line":11,"column":4},"end":{"line":11,"column":24}},"6":{"start":{"line":4,"column":0},"end":{"line":4,"column":21}}},"fnMap":{"0":{"name":"(anonymous_1)","decl":{"start":{"line":7,"column":2},"end":{"line":7,"column":14}},"loc":{"start":{"line":7,"column":46},"end":{"line":12,"column":3}}}},"branchMap":{},"s":{"0":1,"1":1,"2":0,"3":0,"4":0,"5":0,"6":1},"f":{"0":0},"b":{}}
,"/Users/artoriascreative/Artorias/MSCS/5500_fse/tuiter/api/models/tuits/Tuit.ts": {"path":"/Users/artoriascreative/Artorias/MSCS/5500_fse/tuiter/api/models/tuits/Tuit.ts","statementMap":{"0":{"start":{"line":1,"column":0},"end":{"line":1,"column":73}},"1":{"start":{"line":11,"column":2},"end":{"line":11,"column":24}},"2":{"start":{"line":12,"column":2},"end":{"line":12,"column":25}},"3":{"start":{"line":27,"column":2},"end":{"line":33,"column":4}},"4":{"start":{"line":28,"column":4},"end":{"line":32,"column":null}},"5":{"start":{"line":29,"column":6},"end":{"line":31,"column":8}},"6":{"start":{"line":21,"column":4},"end":{"line":21,"column":28}},"7":{"start":{"line":22,"column":4},"end":{"line":22,"column":25}},"8":{"start":{"line":23,"column":4},"end":{"line":23,"column":21}},"9":{"start":{"line":24,"column":4},"end":{"line":24,"column":24}},"10":{"start":{"line":8,"column":0},"end":{"line":8,"column":21}}},"fnMap":{"0":{"name":"(anonymous_1)","decl":{"start":{"line":20,"column":2},"end":{"line":20,"column":21}},"loc":{"start":{"line":20,"column":48},"end":{"line":25,"column":3}}},"1":{"name":"(anonymous_2)","decl":{"start":{"line":27,"column":17},"end":{"line":27,"column":18}},"loc":{"start":{"line":27,"column":34},"end":{"line":33,"column":3}}}},"branchMap":{"0":{"loc":{"start":{"line":28,"column":4},"end":{"line":32,"column":null}},"type":"if","locations":[{"start":{"line":28,"column":4},"end":{"line":32,"column":null}}]},"1":{"loc":{"start":{"line":28,"column":8},"end":{"line":28,"column":53}},"type":"binary-expr","locations":[{"start":{"line":28,"column":8},"end":{"line":28,"column":13}},{"start":{"line":28,"column":17},"end":{"line":28,"column":32}},{"start":{"line":28,"column":36},"end":{"line":28,"column":53}}]}},"s":{"0":1,"1":5,"2":5,"3":5,"4":5,"5":0,"6":5,"7":5,"8":5,"9":5,"10":1},"f":{"0":5,"1":5},"b":{"0":[0],"1":[5,5,5]}}
,"/Users/artoriascreative/Artorias/MSCS/5500_fse/tuiter/api/models/users/AccountStatus.ts": {"path":"/Users/artoriascreative/Artorias/MSCS/5500_fse/tuiter/api/models/users/AccountStatus.ts","statementMap":{"0":{"start":{"line":6,"column":0},"end":{"line":6,"column":null}},"1":{"start":{"line":7,"column":2},"end":{"line":7,"column":null}},"2":{"start":{"line":8,"column":2},"end":{"line":8,"column":null}},"3":{"start":{"line":9,"column":2},"end":{"line":9,"column":null}},"4":{"start":{"line":10,"column":2},"end":{"line":10,"column":null}}},"fnMap":{"0":{"name":"(anonymous_0)","decl":{"start":{"line":6,"column":0},"end":{"line":6,"column":12}},"loc":{"start":{"line":6,"column":25},"end":{"line":11,"column":1}}}},"branchMap":{"0":{"loc":{"start":{"line":6,"column":12},"end":{"line":6,"column":null}},"type":"binary-expr","locations":[{"start":{"line":6,"column":12},"end":{"line":6,"column":25}},{"start":{"line":6,"column":12},"end":{"line":6,"column":null}}]}},"s":{"0":2,"1":2,"2":2,"3":2,"4":2},"f":{"0":2},"b":{"0":[2,2]}}
,"/Users/artoriascreative/Artorias/MSCS/5500_fse/tuiter/api/models/users/AccoutType.ts": {"path":"/Users/artoriascreative/Artorias/MSCS/5500_fse/tuiter/api/models/users/AccoutType.ts","statementMap":{"0":{"start":{"line":6,"column":0},"end":{"line":6,"column":null}},"1":{"start":{"line":7,"column":2},"end":{"line":7,"column":null}},"2":{"start":{"line":8,"column":2},"end":{"line":8,"column":null}},"3":{"start":{"line":9,"column":2},"end":{"line":9,"column":null}}},"fnMap":{"0":{"name":"(anonymous_0)","decl":{"start":{"line":6,"column":0},"end":{"line":6,"column":12}},"loc":{"start":{"line":6,"column":23},"end":{"line":10,"column":1}}}},"branchMap":{"0":{"loc":{"start":{"line":6,"column":12},"end":{"line":6,"column":null}},"type":"binary-expr","locations":[{"start":{"line":6,"column":12},"end":{"line":6,"column":23}},{"start":{"line":6,"column":12},"end":{"line":6,"column":null}}]}},"s":{"0":4,"1":4,"2":4,"3":4},"f":{"0":4},"b":{"0":[4,4]}}
,"/Users/artoriascreative/Artorias/MSCS/5500_fse/tuiter/api/models/users/User.ts": {"path":"/Users/artoriascreative/Artorias/MSCS/5500_fse/tuiter/api/models/users/User.ts","statementMap":{"0":{"start":{"line":2,"column":0},"end":{"line":2,"column":73}},"1":{"start":{"line":3,"column":0},"end":{"line":3,"column":56}},"2":{"start":{"line":4,"column":0},"end":{"line":4,"column":62}},"3":{"start":{"line":6,"column":0},"end":{"line":6,"column":43}},"4":{"start":{"line":83,"column":10},"end":{"line":92,"column":4}},"5":{"start":{"line":84,"column":4},"end":{"line":91,"column":null}},"6":{"start":{"line":90,"column":6},"end":{"line":90,"column":75}},"7":{"start":{"line":94,"column":10},"end":{"line":98,"column":4}},"8":{"start":{"line":95,"column":4},"end":{"line":97,"column":null}},"9":{"start":{"line":96,"column":6},"end":{"line":96,"column":71}},"10":{"start":{"line":100,"column":10},"end":{"line":104,"column":4}},"11":{"start":{"line":101,"column":4},"end":{"line":103,"column":null}},"12":{"start":{"line":102,"column":6},"end":{"line":102,"column":70}},"13":{"start":{"line":106,"column":10},"end":{"line":110,"column":4}},"14":{"start":{"line":107,"column":4},"end":{"line":109,"column":null}},"15":{"start":{"line":108,"column":6},"end":{"line":108,"column":72}},"16":{"start":{"line":112,"column":10},"end":{"line":116,"column":4}},"17":{"start":{"line":113,"column":4},"end":{"line":115,"column":null}},"18":{"start":{"line":114,"column":6},"end":{"line":114,"column":70}},"19":{"start":{"line":128,"column":10},"end":{"line":135,"column":4}},"20":{"start":{"line":129,"column":18},"end":{"line":130,"column":null}},"21":{"start":{"line":132,"column":4},"end":{"line":134,"column":null}},"22":{"start":{"line":133,"column":6},"end":{"line":133,"column":75}},"23":{"start":{"line":52,"column":4},"end":{"line":52,"column":41}},"24":{"start":{"line":53,"column":4},"end":{"line":53,"column":33}},"25":{"start":{"line":54,"column":4},"end":{"line":54,"column":35}},"26":{"start":{"line":55,"column":4},"end":{"line":55,"column":41}},"27":{"start":{"line":56,"column":4},"end":{"line":56,"column":39}},"28":{"start":{"line":57,"column":4},"end":{"line":57,"column":31}},"29":{"start":{"line":58,"column":4},"end":{"line":58,"column":47}},"30":{"start":{"line":60,"column":4},"end":{"line":60,"column":41}},"31":{"start":{"line":61,"column":4},"end":{"line":61,"column":33}},"32":{"start":{"line":62,"column":4},"end":{"line":62,"column":41}},"33":{"start":{"line":63,"column":4},"end":{"line":63,"column":49}},"34":{"start":{"line":64,"column":4},"end":{"line":64,"column":49}},"35":{"start":{"line":65,"column":4},"end":{"line":65,"column":47}},"36":{"start":{"line":66,"column":4},"end":{"line":66,"column":31}},"37":{"start":{"line":67,"column":4},"end":{"line":67,"column":57}},"38":{"start":{"line":68,"column":4},"end":{"line":68,"column":76}},"39":{"start":{"line":70,"column":4},"end":{"line":70,"column":24}},"40":{"start":{"line":74,"column":4},"end":{"line":81,"column":null}},"41":{"start":{"line":80,"column":6},"end":{"line":80,"column":79}},"42":{"start":{"line":13,"column":0},"end":{"line":13,"column":21}}},"fnMap":{"0":{"name":"(anonymous_1)","decl":{"start":{"line":40,"column":2},"end":{"line":40,"column":21}},"loc":{"start":{"line":51,"column":3},"end":{"line":71,"column":3}}},"1":{"name":"(anonymous_2)","decl":{"start":{"line":83,"column":29},"end":{"line":83,"column":30}},"loc":{"start":{"line":83,"column":56},"end":{"line":92,"column":3}}},"2":{"name":"(anonymous_3)","decl":{"start":{"line":94,"column":25},"end":{"line":94,"column":26}},"loc":{"start":{"line":94,"column":48},"end":{"line":98,"column":3}}},"3":{"name":"(anonymous_4)","decl":{"start":{"line":100,"column":24},"end":{"line":100,"column":25}},"loc":{"start":{"line":100,"column":46},"end":{"line":104,"column":3}}},"4":{"name":"(anonymous_5)","decl":{"start":{"line":106,"column":26},"end":{"line":106,"column":27}},"loc":{"start":{"line":106,"column":50},"end":{"line":110,"column":3}}},"5":{"name":"(anonymous_6)","decl":{"start":{"line":112,"column":24},"end":{"line":112,"column":25}},"loc":{"start":{"line":112,"column":46},"end":{"line":116,"column":3}}},"6":{"name":"(anonymous_7)","decl":{"start":{"line":128,"column":29},"end":{"line":128,"column":30}},"loc":{"start":{"line":128,"column":56},"end":{"line":135,"column":3}}},"7":{"name":"(anonymous_8)","decl":{"start":{"line":73,"column":10},"end":{"line":73,"column":29}},"loc":{"start":{"line":73,"column":54},"end":{"line":82,"column":3}}}},"branchMap":{"0":{"loc":{"start":{"line":84,"column":4},"end":{"line":91,"column":null}},"type":"if","locations":[{"start":{"line":84,"column":4},"end":{"line":91,"column":null}}]},"1":{"loc":{"start":{"line":95,"column":4},"end":{"line":97,"column":null}},"type":"if","locations":[{"start":{"line":95,"column":4},"end":{"line":97,"column":null}}]},"2":{"loc":{"start":{"line":95,"column":8},"end":{"line":95,"column":52}},"type":"binary-expr","locations":[{"start":{"line":95,"column":8},"end":{"line":95,"column":13}},{"start":{"line":95,"column":17},"end":{"line":95,"column":32}},{"start":{"line":95,"column":36},"end":{"line":95,"column":52}}]},"3":{"loc":{"start":{"line":101,"column":4},"end":{"line":103,"column":null}},"type":"if","locations":[{"start":{"line":101,"column":4},"end":{"line":103,"column":null}}]},"4":{"loc":{"start":{"line":101,"column":8},"end":{"line":101,"column":32}},"type":"binary-expr","locations":[{"start":{"line":101,"column":8},"end":{"line":101,"column":12}},{"start":{"line":101,"column":16},"end":{"line":101,"column":32}}]},"5":{"loc":{"start":{"line":107,"column":4},"end":{"line":109,"column":null}},"type":"if","locations":[{"start":{"line":107,"column":4},"end":{"line":109,"column":null}}]},"6":{"loc":{"start":{"line":113,"column":4},"end":{"line":115,"column":null}},"type":"if","locations":[{"start":{"line":113,"column":4},"end":{"line":115,"column":null}}]},"7":{"loc":{"start":{"line":132,"column":4},"end":{"line":134,"column":null}},"type":"if","locations":[{"start":{"line":132,"column":4},"end":{"line":134,"column":null}}]},"8":{"loc":{"start":{"line":132,"column":8},"end":{"line":132,"column":42}},"type":"binary-expr","locations":[{"start":{"line":132,"column":8},"end":{"line":132,"column":17}},{"start":{"line":132,"column":21},"end":{"line":132,"column":42}}]},"9":{"loc":{"start":{"line":74,"column":4},"end":{"line":81,"column":null}},"type":"if","locations":[{"start":{"line":74,"column":4},"end":{"line":81,"column":null}}]},"10":{"loc":{"start":{"line":75,"column":6},"end":{"line":77,"column":null}},"type":"binary-expr","locations":[{"start":{"line":75,"column":6},"end":{"line":75,"column":11}},{"start":{"line":76,"column":6},"end":{"line":77,"column":null}}]}},"s":{"0":2,"1":2,"2":2,"3":2,"4":20,"5":20,"6":2,"7":20,"8":18,"9":2,"10":20,"11":7,"12":2,"13":20,"14":16,"15":3,"16":20,"17":10,"18":3,"19":20,"20":13,"21":13,"22":3,"23":20,"24":18,"25":16,"26":13,"27":10,"28":7,"29":5,"30":3,"31":3,"32":3,"33":3,"34":3,"35":3,"36":3,"37":3,"38":3,"39":3,"40":5,"41":2,"42":2},"f":{"0":20,"1":20,"2":18,"3":7,"4":16,"5":10,"6":13,"7":5},"b":{"0":[2],"1":[2],"2":[18,17,16],"3":[2],"4":[7,6],"5":[3],"6":[3],"7":[3],"8":[13,12],"9":[2],"10":[5,4]}}
,"/Users/artoriascreative/Artorias/MSCS/5500_fse/tuiter/api/models/users/UserErrorMessages.ts": {"path":"/Users/artoriascreative/Artorias/MSCS/5500_fse/tuiter/api/models/users/UserErrorMessages.ts","statementMap":{"0":{"start":{"line":1,"column":0},"end":{"line":1,"column":null}},"1":{"start":{"line":2,"column":2},"end":{"line":2,"column":null}},"2":{"start":{"line":3,"column":2},"end":{"line":3,"column":null}},"3":{"start":{"line":4,"column":2},"end":{"line":4,"column":null}},"4":{"start":{"line":5,"column":2},"end":{"line":5,"column":null}},"5":{"start":{"line":6,"column":2},"end":{"line":6,"column":null}},"6":{"start":{"line":7,"column":2},"end":{"line":7,"column":null}},"7":{"start":{"line":8,"column":2},"end":{"line":8,"column":null}},"8":{"start":{"line":9,"column":2},"end":{"line":9,"column":null}},"9":{"start":{"line":10,"column":2},"end":{"line":10,"column":null}}},"fnMap":{"0":{"name":"(anonymous_0)","decl":{"start":{"line":1,"column":0},"end":{"line":1,"column":12}},"loc":{"start":{"line":1,"column":29},"end":{"line":11,"column":1}}}},"branchMap":{"0":{"loc":{"start":{"line":1,"column":12},"end":{"line":1,"column":null}},"type":"binary-expr","locations":[{"start":{"line":1,"column":12},"end":{"line":1,"column":29}},{"start":{"line":1,"column":12},"end":{"line":1,"column":null}}]}},"s":{"0":2,"1":2,"2":2,"3":2,"4":2,"5":2,"6":2,"7":2,"8":2,"9":2},"f":{"0":2},"b":{"0":[2,2]}}
,"/Users/artoriascreative/Artorias/MSCS/5500_fse/tuiter/api/mongoose/bookmarks/BookmarkModel.ts": {"path":"/Users/artoriascreative/Artorias/MSCS/5500_fse/tuiter/api/mongoose/bookmarks/BookmarkModel.ts","statementMap":{"0":{"start":{"line":1,"column":0},"end":{"line":1,"column":32}},"1":{"start":{"line":4,"column":0},"end":{"line":4,"column":46}},"2":{"start":{"line":10,"column":0},"end":{"line":10,"column":74}}},"fnMap":{},"branchMap":{},"s":{"0":1,"1":1,"2":1},"f":{},"b":{}}
,"/Users/artoriascreative/Artorias/MSCS/5500_fse/tuiter/api/mongoose/bookmarks/BookmarkSchema.ts": {"path":"/Users/artoriascreative/Artorias/MSCS/5500_fse/tuiter/api/mongoose/bookmarks/BookmarkSchema.ts","statementMap":{"0":{"start":{"line":1,"column":0},"end":{"line":1,"column":44}},"1":{"start":{"line":2,"column":0},"end":{"line":2,"column":63}},"2":{"start":{"line":5,"column":0},"end":{"line":5,"column":43}},"3":{"start":{"line":6,"column":0},"end":{"line":6,"column":48}},"4":{"start":{"line":16,"column":23},"end":{"line":24,"column":null}},"5":{"start":{"line":30,"column":0},"end":{"line":38,"column":2}},"6":{"start":{"line":40,"column":0},"end":{"line":45,"column":3}},"7":{"start":{"line":41,"column":37},"end":{"line":41,"column":72}},"8":{"start":{"line":42,"column":2},"end":{"line":44,"column":null}},"9":{"start":{"line":43,"column":4},"end":{"line":43,"column":51}},"10":{"start":{"line":47,"column":0},"end":{"line":47,"column":27}},"11":{"start":{"line":48,"column":0},"end":{"line":48,"column":30}}},"fnMap":{"0":{"name":"(anonymous_14)","decl":{"start":{"line":40,"column":27},"end":{"line":40,"column":43}},"loc":{"start":{"line":40,"column":47},"end":{"line":45,"column":2}}}},"branchMap":{"0":{"loc":{"start":{"line":42,"column":2},"end":{"line":44,"column":null}},"type":"if","locations":[{"start":{"line":42,"column":2},"end":{"line":44,"column":null}}]}},"s":{"0":1,"1":1,"2":1,"3":1,"4":1,"5":1,"6":1,"7":0,"8":0,"9":0,"10":1,"11":1},"f":{"0":0},"b":{"0":[0]}}
,"/Users/artoriascreative/Artorias/MSCS/5500_fse/tuiter/api/mongoose/likes/LikeModel.ts": {"path":"/Users/artoriascreative/Artorias/MSCS/5500_fse/tuiter/api/mongoose/likes/LikeModel.ts","statementMap":{"0":{"start":{"line":1,"column":0},"end":{"line":1,"column":32}},"1":{"start":{"line":3,"column":0},"end":{"line":3,"column":38}},"2":{"start":{"line":9,"column":0},"end":{"line":9,"column":62}}},"fnMap":{},"branchMap":{},"s":{"0":1,"1":1,"2":1},"f":{},"b":{}}
,"/Users/artoriascreative/Artorias/MSCS/5500_fse/tuiter/api/mongoose/likes/LikeSchema.ts": {"path":"/Users/artoriascreative/Artorias/MSCS/5500_fse/tuiter/api/mongoose/likes/LikeSchema.ts","statementMap":{"0":{"start":{"line":1,"column":0},"end":{"line":1,"column":44}},"1":{"start":{"line":3,"column":0},"end":{"line":3,"column":63}},"2":{"start":{"line":7,"column":0},"end":{"line":7,"column":43}},"3":{"start":{"line":8,"column":0},"end":{"line":8,"column":43}},"4":{"start":{"line":9,"column":0},"end":{"line":9,"column":48}},"5":{"start":{"line":20,"column":19},"end":{"line":28,"column":null}},"6":{"start":{"line":34,"column":0},"end":{"line":40,"column":2}},"7":{"start":{"line":44,"column":0},"end":{"line":53,"column":3}},"8":{"start":{"line":45,"column":37},"end":{"line":45,"column":74}},"9":{"start":{"line":46,"column":2},"end":{"line":48,"column":null}},"10":{"start":{"line":47,"column":4},"end":{"line":47,"column":51}},"11":{"start":{"line":49,"column":37},"end":{"line":49,"column":72}},"12":{"start":{"line":50,"column":2},"end":{"line":52,"column":null}},"13":{"start":{"line":51,"column":4},"end":{"line":51,"column":51}},"14":{"start":{"line":55,"column":0},"end":{"line":55,"column":23}},"15":{"start":{"line":56,"column":0},"end":{"line":56,"column":26}}},"fnMap":{"0":{"name":"(anonymous_14)","decl":{"start":{"line":44,"column":23},"end":{"line":44,"column":39}},"loc":{"start":{"line":44,"column":43},"end":{"line":53,"column":2}}}},"branchMap":{"0":{"loc":{"start":{"line":46,"column":2},"end":{"line":48,"column":null}},"type":"if","locations":[{"start":{"line":46,"column":2},"end":{"line":48,"column":null}}]},"1":{"loc":{"start":{"line":50,"column":2},"end":{"line":52,"column":null}},"type":"if","locations":[{"start":{"line":50,"column":2},"end":{"line":52,"column":null}}]}},"s":{"0":1,"1":1,"2":1,"3":1,"4":1,"5":1,"6":1,"7":1,"8":0,"9":0,"10":0,"11":0,"12":0,"13":0,"14":1,"15":1},"f":{"0":0},"b":{"0":[0],"1":[0]}}
,"/Users/artoriascreative/Artorias/MSCS/5500_fse/tuiter/api/mongoose/tuits/TuitModel.ts": {"path":"/Users/artoriascreative/Artorias/MSCS/5500_fse/tuiter/api/mongoose/tuits/TuitModel.ts","statementMap":{"0":{"start":{"line":1,"column":0},"end":{"line":1,"column":32}},"1":{"start":{"line":3,"column":0},"end":{"line":3,"column":38}},"2":{"start":{"line":9,"column":0},"end":{"line":9,"column":62}}},"fnMap":{},"branchMap":{},"s":{"0":1,"1":1,"2":1},"f":{},"b":{}}
,"/Users/artoriascreative/Artorias/MSCS/5500_fse/tuiter/api/mongoose/tuits/TuitSchema.ts": {"path":"/Users/artoriascreative/Artorias/MSCS/5500_fse/tuiter/api/mongoose/tuits/TuitSchema.ts","statementMap":{"0":{"start":{"line":1,"column":0},"end":{"line":1,"column":44}},"1":{"start":{"line":2,"column":0},"end":{"line":2,"column":63}},"2":{"start":{"line":4,"column":0},"end":{"line":4,"column":55}},"3":{"start":{"line":5,"column":0},"end":{"line":5,"column":43}},"4":{"start":{"line":6,"column":0},"end":{"line":6,"column":43}},"5":{"start":{"line":8,"column":0},"end":{"line":8,"column":48}},"6":{"start":{"line":21,"column":19},"end":{"line":29,"column":null}},"7":{"start":{"line":35,"column":0},"end":{"line":43,"column":2}},"8":{"start":{"line":48,"column":0},"end":{"line":53,"column":3}},"9":{"start":{"line":49,"column":23},"end":{"line":49,"column":64}},"10":{"start":{"line":50,"column":2},"end":{"line":52,"column":null}},"11":{"start":{"line":51,"column":4},"end":{"line":51,"column":67}},"12":{"start":{"line":57,"column":0},"end":{"line":60,"column":3}},"13":{"start":{"line":58,"column":2},"end":{"line":58,"column":49}},"14":{"start":{"line":59,"column":2},"end":{"line":59,"column":53}},"15":{"start":{"line":62,"column":0},"end":{"line":62,"column":23}},"16":{"start":{"line":63,"column":0},"end":{"line":63,"column":26}}},"fnMap":{"0":{"name":"(anonymous_14)","decl":{"start":{"line":48,"column":23},"end":{"line":48,"column":39}},"loc":{"start":{"line":48,"column":43},"end":{"line":53,"column":2}}},"1":{"name":"(anonymous_16)","decl":{"start":{"line":57,"column":26},"end":{"line":57,"column":42}},"loc":{"start":{"line":57,"column":46},"end":{"line":60,"column":2}}}},"branchMap":{"0":{"loc":{"start":{"line":50,"column":2},"end":{"line":52,"column":null}},"type":"if","locations":[{"start":{"line":50,"column":2},"end":{"line":52,"column":null}}]}},"s":{"0":1,"1":1,"2":1,"3":1,"4":1,"5":1,"6":1,"7":1,"8":1,"9":5,"10":5,"11":0,"12":1,"13":1,"14":1,"15":1,"16":1},"f":{"0":5,"1":1},"b":{"0":[0]}}
,"/Users/artoriascreative/Artorias/MSCS/5500_fse/tuiter/api/mongoose/users/UserModel.ts": {"path":"/Users/artoriascreative/Artorias/MSCS/5500_fse/tuiter/api/mongoose/users/UserModel.ts","statementMap":{"0":{"start":{"line":1,"column":0},"end":{"line":1,"column":32}},"1":{"start":{"line":3,"column":0},"end":{"line":3,"column":38}},"2":{"start":{"line":9,"column":0},"end":{"line":9,"column":62}}},"fnMap":{},"branchMap":{},"s":{"0":2,"1":2,"2":2},"f":{},"b":{}}
,"/Users/artoriascreative/Artorias/MSCS/5500_fse/tuiter/api/mongoose/users/UserSchema.ts": {"path":"/Users/artoriascreative/Artorias/MSCS/5500_fse/tuiter/api/mongoose/users/UserSchema.ts","statementMap":{"0":{"start":{"line":1,"column":0},"end":{"line":1,"column":32}},"1":{"start":{"line":3,"column":0},"end":{"line":3,"column":60}},"2":{"start":{"line":4,"column":0},"end":{"line":4,"column":65}},"3":{"start":{"line":5,"column":0},"end":{"line":5,"column":48}},"4":{"start":{"line":25,"column":19},"end":{"line":51,"column":null}},"5":{"start":{"line":54,"column":0},"end":{"line":54,"column":23}},"6":{"start":{"line":55,"column":0},"end":{"line":55,"column":26}}},"fnMap":{},"branchMap":{},"s":{"0":2,"1":2,"2":2,"3":2,"4":2,"5":2,"6":2},"f":{},"b":{}}
,"/Users/artoriascreative/Artorias/MSCS/5500_fse/tuiter/api/mongoose/util/formatJSON.ts": {"path":"/Users/artoriascreative/Artorias/MSCS/5500_fse/tuiter/api/mongoose/util/formatJSON.ts","statementMap":{"0":{"start":{"line":3,"column":26},"end":{"line":12,"column":1}},"1":{"start":{"line":4,"column":2},"end":{"line":11,"column":5}},"2":{"start":{"line":7,"column":6},"end":{"line":7,"column":21}},"3":{"start":{"line":8,"column":6},"end":{"line":8,"column":34}},"4":{"start":{"line":9,"column":6},"end":{"line":9,"column":21}},"5":{"start":{"line":3,"column":13},"end":{"line":3,"column":26}}},"fnMap":{"0":{"name":"(anonymous_0)","decl":{"start":{"line":3,"column":26},"end":{"line":3,"column":27}},"loc":{"start":{"line":3,"column":51},"end":{"line":12,"column":1}}},"1":{"name":"(anonymous_1)","decl":{"start":{"line":6,"column":15},"end":{"line":6,"column":16}},"loc":{"start":{"line":6,"column":37},"end":{"line":10,"column":5}}}},"branchMap":{},"s":{"0":2,"1":5,"2":0,"3":0,"4":0,"5":2},"f":{"0":5,"1":0},"b":{}}
,"/Users/artoriascreative/Artorias/MSCS/5500_fse/tuiter/api/shared/validateWithRegex.ts": {"path":"/Users/artoriascreative/Artorias/MSCS/5500_fse/tuiter/api/shared/validateWithRegex.ts","statementMap":{"0":{"start":{"line":1,"column":28},"end":{"line":9,"column":1}},"1":{"start":{"line":2,"column":2},"end":{"line":2,"column":27}},"2":{"start":{"line":2,"column":14},"end":{"line":2,"column":27}},"3":{"start":{"line":3,"column":34},"end":{"line":3,"column":60}},"4":{"start":{"line":4,"column":16},"end":{"line":4,"column":33}},"5":{"start":{"line":5,"column":2},"end":{"line":7,"column":null}},"6":{"start":{"line":6,"column":4},"end":{"line":6,"column":17}},"7":{"start":{"line":8,"column":2},"end":{"line":8,"column":14}},"8":{"start":{"line":1,"column":13},"end":{"line":1,"column":28}}},"fnMap":{"0":{"name":"(anonymous_0)","decl":{"start":{"line":1,"column":28},"end":{"line":1,"column":29}},"loc":{"start":{"line":1,"column":70},"end":{"line":9,"column":1}}}},"branchMap":{"0":{"loc":{"start":{"line":2,"column":2},"end":{"line":2,"column":27}},"type":"if","locations":[{"start":{"line":2,"column":2},"end":{"line":2,"column":27}}]},"1":{"loc":{"start":{"line":5,"column":2},"end":{"line":7,"column":null}},"type":"if","locations":[{"start":{"line":5,"column":2},"end":{"line":7,"column":null}}]},"2":{"loc":{"start":{"line":5,"column":6},"end":{"line":5,"column":54}},"type":"binary-expr","locations":[{"start":{"line":5,"column":6},"end":{"line":5,"column":22}},{"start":{"line":5,"column":26},"end":{"line":5,"column":54}}]}},"s":{"0":2,"1":46,"2":3,"3":43,"4":43,"5":43,"6":5,"7":38,"8":2},"f":{"0":46},"b":{"0":[3],"1":[5],"2":[43,43]}}
}
