TN:
SF:controllers/shared/HttpStatusCode.ts
FN:6,(anonymous_0)
FNF:1
FNH:1
FNDA:2,(anonymous_0)
DA:6,2
DA:7,2
DA:8,2
DA:9,2
DA:10,2
DA:11,2
LF:6
LH:6
BRDA:6,0,0,2
BRDA:6,0,1,2
BRF:2
BRH:2
end_of_record
TN:
SF:controllers/shared/Methods.ts
FN:6,(anonymous_0)
FNF:1
FNH:1
FNDA:1,(anonymous_0)
DA:6,1
DA:7,1
DA:8,1
DA:9,1
DA:10,1
LF:5
LH:5
BRDA:6,0,0,1
BRDA:6,0,1,1
BRF:2
BRH:2
end_of_record
TN:
SF:controllers/shared/createHttpResponse.ts
FN:4,(anonymous_0)
FNF:1
FNH:1
FNDA:5,(anonymous_0)
DA:2,1
DA:4,5
LF:2
LH:2
BRF:0
BRH:0
end_of_record
TN:
SF:controllers/users/UserController.ts
FN:24,(anonymous_8)
FN:63,(anonymous_9)
FN:63,(anonymous_10)
FN:73,(anonymous_11)
FN:73,(anonymous_12)
FN:83,(anonymous_13)
FN:83,(anonymous_14)
FN:94,(anonymous_15)
FN:94,(anonymous_16)
FN:105,(anonymous_17)
FN:105,(anonymous_18)
FNF:11
FNH:11
FNDA:1,(anonymous_8)
FNDA:1,(anonymous_9)
FNDA:1,(anonymous_10)
FNDA:1,(anonymous_11)
FNDA:1,(anonymous_12)
FNDA:1,(anonymous_13)
FNDA:1,(anonymous_14)
FNDA:1,(anonymous_15)
FNDA:1,(anonymous_16)
FNDA:1,(anonymous_17)
FNDA:1,(anonymous_18)
DA:4,1
DA:8,1
DA:9,1
DA:14,1
DA:25,1
DA:26,1
DA:27,1
DA:55,1
DA:63,1
DA:64,1
DA:65,1
DA:73,1
DA:74,1
DA:75,1
DA:83,1
DA:84,1
DA:85,1
DA:86,1
DA:94,1
DA:95,1
DA:96,1
DA:97,1
DA:105,1
DA:106,1
DA:107,1
LF:25
LH:25
BRF:0
BRH:0
end_of_record
TN:
SF:errors/BaseError.ts
FN:6,(anonymous_0)
FNF:1
FNH:1
FNDA:17,(anonymous_0)
DA:3,2
DA:4,17
DA:7,17
DA:8,17
DA:9,17
DA:11,17
DA:12,0
LF:7
LH:6
BRDA:11,0,0,0
BRF:1
BRH:0
end_of_record
TN:
SF:errors/InvalidEntityException.ts
FN:7,(anonymous_1)
FNF:1
FNH:1
FNDA:17,(anonymous_1)
DA:1,2
DA:2,2
DA:4,2
DA:8,17
DA:9,17
DA:10,17
LF:6
LH:6
BRF:0
BRH:0
end_of_record
TN:
SF:mocks/UserDaoMock.ts
FN:5,(anonymous_7)
FN:12,(anonymous_8)
FN:12,(anonymous_9)
FN:6,(anonymous_10)
FN:9,(anonymous_11)
FN:15,(anonymous_12)
FN:19,(anonymous_13)
FNF:7
FNH:7
FNDA:1,(anonymous_7)
FNDA:1,(anonymous_8)
FNDA:1,(anonymous_9)
FNDA:1,(anonymous_10)
FNDA:1,(anonymous_11)
FNDA:1,(anonymous_12)
FNDA:1,(anonymous_13)
DA:3,1
DA:5,1
DA:7,1
DA:10,1
DA:12,1
DA:13,1
DA:16,1
DA:17,1
DA:20,1
LF:9
LH:9
BRF:0
BRH:0
end_of_record
TN:
SF:mocks/mockUsers.ts
FNF:0
FNH:0
DA:1,1
DA:16,1
LF:2
LH:2
BRF:0
BRH:0
end_of_record
TN:
SF:models/shared/validateWithRegex.ts
FN:1,(anonymous_0)
FNF:1
FNH:1
FNDA:42,(anonymous_0)
DA:1,2
DA:2,42
DA:3,39
DA:4,39
DA:5,39
DA:6,5
DA:8,34
LF:7
LH:7
BRDA:2,0,0,3
BRDA:5,1,0,5
BRDA:5,2,0,39
BRDA:5,2,1,39
BRF:4
BRH:4
end_of_record
TN:
SF:models/users/User.ts
FN:39,(anonymous_1)
FN:75,(anonymous_2)
FN:86,(anonymous_3)
FN:99,(anonymous_4)
FN:105,(anonymous_5)
FN:111,(anonymous_6)
FN:127,(anonymous_7)
FNF:7
FNH:7
FNDA:20,(anonymous_1)
FNDA:20,(anonymous_2)
FNDA:18,(anonymous_3)
FNDA:5,(anonymous_4)
FNDA:14,(anonymous_5)
FNDA:8,(anonymous_6)
FNDA:11,(anonymous_7)
DA:2,2
DA:3,2
DA:4,2
DA:12,2
DA:54,20
DA:55,18
DA:56,14
DA:57,11
DA:58,8
DA:59,5
DA:61,3
DA:62,3
DA:63,3
DA:64,3
DA:65,3
DA:66,3
DA:67,3
DA:68,3
DA:69,3
DA:70,3
DA:71,3
DA:72,3
DA:75,20
DA:76,20
DA:82,2
DA:86,20
DA:87,18
DA:95,4
DA:99,20
DA:100,5
DA:101,2
DA:105,20
DA:106,14
DA:107,3
DA:111,20
DA:112,8
DA:113,3
DA:127,20
DA:128,11
DA:131,11
DA:132,3
LF:41
LH:41
BRDA:76,0,0,2
BRDA:87,1,0,4
BRDA:88,2,0,18
BRDA:88,2,1,17
BRDA:88,2,2,16
BRDA:88,2,3,15
BRDA:88,2,4,14
BRDA:88,2,5,14
BRDA:100,3,0,2
BRDA:100,4,0,5
BRDA:100,4,1,4
BRDA:106,5,0,3
BRDA:112,6,0,3
BRDA:131,7,0,3
BRDA:131,8,0,11
BRDA:131,8,1,10
BRF:16
BRH:16
end_of_record
TN:
SF:models/users/UserErrorMessages.ts
FN:1,(anonymous_0)
FNF:1
FNH:1
FNDA:2,(anonymous_0)
DA:1,2
DA:2,2
DA:3,2
DA:4,2
DA:5,2
DA:6,2
DA:7,2
DA:8,2
LF:8
LH:8
BRDA:1,0,0,2
BRDA:1,0,1,2
BRF:2
BRH:2
end_of_record
