TN:
SF:config/configDatabase.ts
FN:4,(anonymous_1)
FN:7,(anonymous_2)
FN:10,(anonymous_3)
FNF:3
FNH:2
FNDA:2,(anonymous_1)
FNDA:2,(anonymous_2)
FNDA:0,(anonymous_3)
DA:1,2
DA:2,2
DA:4,2
DA:5,2
DA:8,2
DA:11,0
DA:12,0
DA:16,2
LF:8
LH:6
BRF:0
BRH:0
end_of_record
TN:
SF:controllers/shared/HttpStatusCode.ts
FN:6,(anonymous_0)
FNF:1
FNH:1
FNDA:4,(anonymous_0)
DA:6,4
DA:7,4
DA:8,4
DA:9,4
DA:10,4
DA:11,4
DA:12,4
LF:7
LH:7
BRDA:6,0,0,4
BRDA:6,0,1,4
BRF:2
BRH:2
end_of_record
TN:
SF:controllers/shared/adaptRequest.ts
FN:6,(anonymous_7)
FN:7,(anonymous_8)
FN:7,(anonymous_9)
FNF:3
FNH:1
FNDA:5,(anonymous_7)
FNDA:0,(anonymous_8)
FNDA:0,(anonymous_9)
DA:4,1
DA:6,1
DA:7,5
DA:8,0
DA:13,0
DA:14,0
DA:15,0
DA:17,0
DA:21,1
LF:9
LH:4
BRF:0
BRH:0
end_of_record
TN:
SF:controllers/shared/createResponse.ts
FN:4,(anonymous_0)
FN:9,(anonymous_1)
FNF:2
FNH:1
FNDA:5,(anonymous_0)
FNDA:0,(anonymous_1)
DA:2,1
DA:4,5
DA:9,1
LF:3
LH:3
BRF:0
BRH:0
end_of_record
TN:
SF:controllers/users/UserController.ts
FN:22,(anonymous_8)
FN:39,(anonymous_9)
FN:39,(anonymous_10)
FN:49,(anonymous_11)
FN:49,(anonymous_12)
FN:59,(anonymous_13)
FN:59,(anonymous_14)
FN:70,(anonymous_15)
FN:70,(anonymous_16)
FN:82,(anonymous_17)
FN:82,(anonymous_18)
FNF:11
FNH:11
FNDA:1,(anonymous_8)
FNDA:1,(anonymous_9)
FNDA:1,(anonymous_10)
FNDA:1,(anonymous_11)
FNDA:1,(anonymous_12)
FNDA:1,(anonymous_13)
FNDA:1,(anonymous_14)
FNDA:1,(anonymous_15)
FNDA:1,(anonymous_16)
FNDA:1,(anonymous_17)
FNDA:1,(anonymous_18)
DA:6,1
DA:7,1
DA:8,1
DA:9,1
DA:14,1
DA:23,1
DA:24,1
DA:25,1
DA:26,1
DA:27,1
DA:28,1
DA:29,1
DA:30,1
DA:31,1
DA:39,1
DA:40,1
DA:41,1
DA:49,1
DA:50,1
DA:51,1
DA:59,1
DA:60,1
DA:61,1
DA:62,1
DA:70,1
DA:71,1
DA:72,1
DA:73,1
DA:74,1
DA:82,1
DA:83,1
DA:84,1
LF:32
LH:32
BRF:0
BRH:0
end_of_record
TN:
SF:daos/tuits/TuitDao.ts
FN:23,(anonymous_8)
FN:39,(anonymous_9)
FN:39,(anonymous_10)
FN:60,(anonymous_11)
FN:60,(anonymous_12)
FN:76,(anonymous_13)
FN:76,(anonymous_14)
FN:96,(anonymous_15)
FN:96,(anonymous_16)
FN:127,(anonymous_17)
FN:127,(anonymous_18)
FN:153,(anonymous_19)
FN:153,(anonymous_20)
FNF:13
FNH:13
FNDA:1,(anonymous_8)
FNDA:1,(anonymous_9)
FNDA:1,(anonymous_10)
FNDA:1,(anonymous_11)
FNDA:1,(anonymous_12)
FNDA:1,(anonymous_13)
FNDA:1,(anonymous_14)
FNDA:5,(anonymous_15)
FNDA:5,(anonymous_16)
FNDA:1,(anonymous_17)
FNDA:1,(anonymous_18)
FNDA:1,(anonymous_19)
FNDA:1,(anonymous_20)
DA:5,1
DA:7,1
DA:8,1
DA:13,1
DA:28,1
DA:29,1
DA:30,1
DA:31,1
DA:39,1
DA:40,1
DA:41,1
DA:44,1
DA:49,0
DA:60,1
DA:61,1
DA:62,1
DA:64,0
DA:76,1
DA:77,1
DA:78,1
DA:79,1
DA:84,0
DA:96,5
DA:97,5
DA:99,5
DA:102,5
DA:103,0
DA:106,5
DA:107,5
DA:111,5
DA:114,0
DA:127,1
DA:128,1
DA:129,1
DA:136,1
DA:141,0
DA:153,1
DA:154,1
DA:155,1
DA:156,1
DA:157,1
DA:162,0
LF:42
LH:35
BRDA:102,0,0,0
BRDA:102,0,1,5
BRDA:156,1,0,0
BRDA:156,1,1,1
BRDA:156,2,0,1
BRDA:156,2,1,1
BRF:6
BRH:4
end_of_record
TN:
SF:daos/tuits/TuitDaoErrors.ts
FN:6,(anonymous_0)
FNF:1
FNH:1
FNDA:1,(anonymous_0)
DA:6,1
DA:7,1
DA:8,1
DA:9,1
DA:10,1
DA:11,1
DA:12,1
LF:7
LH:7
BRDA:6,0,0,1
BRDA:6,0,1,1
BRF:2
BRH:2
end_of_record
TN:
SF:daos/users/UserDao.ts
FN:20,(anonymous_7)
FN:30,(anonymous_8)
FN:30,(anonymous_9)
FN:50,(anonymous_10)
FN:50,(anonymous_11)
FN:70,(anonymous_12)
FN:70,(anonymous_13)
FN:99,(anonymous_14)
FN:99,(anonymous_15)
FN:125,(anonymous_16)
FN:125,(anonymous_17)
FNF:11
FNH:11
FNDA:2,(anonymous_7)
FNDA:1,(anonymous_8)
FNDA:1,(anonymous_9)
FNDA:1,(anonymous_10)
FNDA:1,(anonymous_11)
FNDA:3,(anonymous_12)
FNDA:3,(anonymous_13)
FNDA:1,(anonymous_14)
FNDA:1,(anonymous_15)
FNDA:1,(anonymous_16)
FNDA:1,(anonymous_17)
DA:2,2
DA:11,2
DA:21,2
DA:22,2
DA:23,2
DA:30,2
DA:31,1
DA:32,1
DA:33,1
DA:38,0
DA:50,2
DA:51,1
DA:52,1
DA:53,1
DA:58,0
DA:70,3
DA:71,3
DA:72,3
DA:80,3
DA:81,3
DA:86,0
DA:99,2
DA:100,1
DA:101,1
DA:108,1
DA:113,0
DA:125,2
DA:126,1
DA:127,1
DA:128,1
DA:133,0
LF:31
LH:26
BRF:0
BRH:0
end_of_record
TN:
SF:daos/users/UserDaoErrors.ts
FN:6,(anonymous_0)
FNF:1
FNH:1
FNDA:2,(anonymous_0)
DA:6,2
DA:7,2
DA:8,2
DA:9,2
DA:10,2
DA:11,2
DA:12,2
DA:13,2
DA:14,2
DA:15,2
DA:16,2
DA:17,2
DA:18,2
LF:13
LH:13
BRDA:6,0,0,2
BRDA:6,0,1,2
BRF:2
BRH:2
end_of_record
TN:
SF:errors/BaseError.ts
FN:6,(anonymous_0)
FNF:1
FNH:1
FNDA:17,(anonymous_0)
DA:3,4
DA:4,17
DA:7,17
DA:8,17
DA:9,17
DA:11,17
DA:12,0
LF:7
LH:6
BRDA:11,0,0,0
BRF:1
BRH:0
end_of_record
TN:
SF:errors/DaoDatabseException.ts
FN:7,(anonymous_1)
FNF:1
FNH:0
FNDA:0,(anonymous_1)
DA:1,2
DA:2,2
DA:4,2
DA:8,0
DA:9,0
DA:10,0
LF:6
LH:3
BRF:0
BRH:0
end_of_record
TN:
SF:errors/DaoErrorHandler.ts
FN:12,(anonymous_1)
FN:22,(anonymous_2)
FN:40,(anonymous_3)
FNF:3
FNH:2
FNDA:3,(anonymous_1)
FNDA:0,(anonymous_2)
FNDA:11,(anonymous_3)
DA:2,2
DA:3,2
DA:4,2
DA:11,2
DA:13,3
DA:22,3
DA:27,0
DA:28,0
DA:30,0
DA:40,3
DA:41,11
DA:42,0
DA:44,11
LF:13
LH:9
BRDA:27,0,0,0
BRDA:27,0,1,0
BRDA:41,1,0,0
BRF:3
BRH:0
end_of_record
TN:
SF:errors/DaoNullException.ts
FN:6,(anonymous_1)
FNF:1
FNH:0
FNDA:0,(anonymous_1)
DA:1,2
DA:2,2
DA:4,2
DA:5,0
DA:7,0
DA:8,0
LF:6
LH:3
BRF:0
BRH:0
end_of_record
TN:
SF:errors/InvalidEntityException.ts
FN:7,(anonymous_1)
FNF:1
FNH:1
FNDA:17,(anonymous_1)
DA:1,3
DA:2,3
DA:4,3
DA:8,17
DA:9,17
DA:10,17
LF:6
LH:6
BRF:0
BRH:0
end_of_record
TN:
SF:errors/MongooseException.ts
FN:7,(anonymous_1)
FNF:1
FNH:0
FNDA:0,(anonymous_1)
DA:1,1
DA:2,1
DA:4,1
DA:8,0
DA:9,0
DA:10,0
DA:11,0
LF:7
LH:3
BRF:0
BRH:0
end_of_record
TN:
SF:models/tuits/Tuit.ts
FN:20,(anonymous_1)
FN:27,(anonymous_2)
FNF:2
FNH:2
FNDA:5,(anonymous_1)
FNDA:5,(anonymous_2)
DA:1,1
DA:8,1
DA:11,5
DA:12,5
DA:21,5
DA:22,5
DA:23,5
DA:24,5
DA:27,5
DA:28,5
DA:29,0
LF:11
LH:10
BRDA:28,0,0,0
BRDA:28,1,0,5
BRDA:28,1,1,5
BRDA:28,1,2,5
BRF:4
BRH:3
end_of_record
TN:
SF:models/users/AccountStatus.ts
FN:6,(anonymous_0)
FNF:1
FNH:1
FNDA:2,(anonymous_0)
DA:6,2
DA:7,2
DA:8,2
DA:9,2
DA:10,2
LF:5
LH:5
BRDA:6,0,0,2
BRDA:6,0,1,2
BRF:2
BRH:2
end_of_record
TN:
SF:models/users/AccoutType.ts
FN:6,(anonymous_0)
FNF:1
FNH:1
FNDA:4,(anonymous_0)
DA:6,4
DA:7,4
DA:8,4
DA:9,4
LF:4
LH:4
BRDA:6,0,0,4
BRDA:6,0,1,4
BRF:2
BRH:2
end_of_record
TN:
SF:models/users/User.ts
FN:40,(anonymous_1)
FN:83,(anonymous_2)
FN:94,(anonymous_3)
FN:100,(anonymous_4)
FN:106,(anonymous_5)
FN:112,(anonymous_6)
FN:128,(anonymous_7)
FN:73,(anonymous_8)
FNF:8
FNH:8
FNDA:20,(anonymous_1)
FNDA:20,(anonymous_2)
FNDA:18,(anonymous_3)
FNDA:7,(anonymous_4)
FNDA:16,(anonymous_5)
FNDA:10,(anonymous_6)
FNDA:13,(anonymous_7)
FNDA:5,(anonymous_8)
DA:2,2
DA:3,2
DA:4,2
DA:6,2
DA:13,2
DA:52,20
DA:53,18
DA:54,16
DA:55,13
DA:56,10
DA:57,7
DA:58,5
DA:60,3
DA:61,3
DA:62,3
DA:63,3
DA:64,3
DA:65,3
DA:66,3
DA:67,3
DA:68,3
DA:70,3
DA:74,5
DA:80,2
DA:83,20
DA:84,20
DA:90,2
DA:94,20
DA:95,18
DA:96,2
DA:100,20
DA:101,7
DA:102,2
DA:106,20
DA:107,16
DA:108,3
DA:112,20
DA:113,10
DA:114,3
DA:128,20
DA:129,13
DA:132,13
DA:133,3
LF:43
LH:43
BRDA:84,0,0,2
BRDA:95,1,0,2
BRDA:95,2,0,18
BRDA:95,2,1,17
BRDA:95,2,2,16
BRDA:101,3,0,2
BRDA:101,4,0,7
BRDA:101,4,1,6
BRDA:107,5,0,3
BRDA:113,6,0,3
BRDA:132,7,0,3
BRDA:132,8,0,13
BRDA:132,8,1,12
BRDA:74,9,0,2
BRDA:75,10,0,5
BRDA:75,10,1,4
BRF:16
BRH:16
end_of_record
TN:
SF:models/users/UserErrorMessages.ts
FN:1,(anonymous_0)
FNF:1
FNH:1
FNDA:2,(anonymous_0)
DA:1,2
DA:2,2
DA:3,2
DA:4,2
DA:5,2
DA:6,2
DA:7,2
DA:8,2
DA:9,2
DA:10,2
LF:10
LH:10
BRDA:1,0,0,2
BRDA:1,0,1,2
BRF:2
BRH:2
end_of_record
TN:
SF:mongoose/bookmarks/BookmarkModel.ts
FNF:0
FNH:0
DA:1,1
DA:4,1
DA:10,1
LF:3
LH:3
BRF:0
BRH:0
end_of_record
TN:
SF:mongoose/bookmarks/BookmarkSchema.ts
FN:40,(anonymous_14)
FNF:1
FNH:0
FNDA:0,(anonymous_14)
DA:1,1
DA:2,1
DA:5,1
DA:6,1
DA:16,1
DA:30,1
DA:40,1
DA:41,0
DA:42,0
DA:43,0
DA:47,1
DA:48,1
LF:12
LH:9
BRDA:42,0,0,0
BRF:1
BRH:0
end_of_record
TN:
SF:mongoose/likes/LikeModel.ts
FNF:0
FNH:0
DA:1,1
DA:3,1
DA:9,1
LF:3
LH:3
BRF:0
BRH:0
end_of_record
TN:
SF:mongoose/likes/LikeSchema.ts
FN:44,(anonymous_14)
FNF:1
FNH:0
FNDA:0,(anonymous_14)
DA:1,1
DA:3,1
DA:7,1
DA:8,1
DA:9,1
DA:20,1
DA:34,1
DA:44,1
DA:45,0
DA:46,0
DA:47,0
DA:49,0
DA:50,0
DA:51,0
DA:55,1
DA:56,1
LF:16
LH:10
BRDA:46,0,0,0
BRDA:50,1,0,0
BRF:2
BRH:0
end_of_record
TN:
SF:mongoose/tuits/TuitModel.ts
FNF:0
FNH:0
DA:1,1
DA:3,1
DA:9,1
LF:3
LH:3
BRF:0
BRH:0
end_of_record
TN:
SF:mongoose/tuits/TuitSchema.ts
FN:48,(anonymous_14)
FN:57,(anonymous_16)
FNF:2
FNH:2
FNDA:5,(anonymous_14)
FNDA:1,(anonymous_16)
DA:1,1
DA:2,1
DA:4,1
DA:5,1
DA:6,1
DA:8,1
DA:21,1
DA:35,1
DA:48,1
DA:49,5
DA:50,5
DA:51,0
DA:57,1
DA:58,1
DA:59,1
DA:62,1
DA:63,1
LF:17
LH:16
BRDA:50,0,0,0
BRF:1
BRH:0
end_of_record
TN:
SF:mongoose/users/UserModel.ts
FNF:0
FNH:0
DA:1,2
DA:3,2
DA:9,2
LF:3
LH:3
BRF:0
BRH:0
end_of_record
TN:
SF:mongoose/users/UserSchema.ts
FNF:0
FNH:0
DA:1,2
DA:3,2
DA:4,2
DA:5,2
DA:25,2
DA:54,2
DA:55,2
LF:7
LH:7
BRF:0
BRH:0
end_of_record
TN:
SF:mongoose/util/formatJSON.ts
FN:3,(anonymous_0)
FN:6,(anonymous_1)
FNF:2
FNH:1
FNDA:5,(anonymous_0)
FNDA:0,(anonymous_1)
DA:3,2
DA:4,5
DA:7,0
DA:8,0
DA:9,0
LF:5
LH:2
BRF:0
BRH:0
end_of_record
TN:
SF:shared/validateWithRegex.ts
FN:1,(anonymous_0)
FNF:1
FNH:1
FNDA:46,(anonymous_0)
DA:1,2
DA:2,46
DA:3,43
DA:4,43
DA:5,43
DA:6,5
DA:8,38
LF:7
LH:7
BRDA:2,0,0,3
BRDA:5,1,0,5
BRDA:5,2,0,43
BRDA:5,2,1,43
BRF:4
BRH:4
end_of_record
